<?xml version="1.0" encoding="UTF-8"?><testsuites failures="190" name="dependency-check" tests="377"><testsuite failures="0" id="0" name="/root/.m2/repository/com/sun/xml/fastinfoset/FastInfoset/1.2.15/FastInfoset-1.2.15.jar" package="FastInfoset-1.2.15.jar" skipped="0" tests="1" timestamp="2021-07-08T23:41:47.338"><testcase classname="dependency-check" name="FastInfoset-1.2.15.jar"/></testsuite><testsuite failures="0" id="1" name="/root/.m2/repository/org/roaringbitmap/RoaringBitmap/0.9.0/RoaringBitmap-0.9.0.jar" package="RoaringBitmap-0.9.0.jar" skipped="0" tests="1" timestamp="2021-07-08T23:41:47.338"><testcase classname="dependency-check" name="RoaringBitmap-0.9.0.jar"/></testsuite><testsuite failures="1" id="2" name="/root/.m2/repository/net/minidev/accessors-smart/1.2/accessors-smart-1.2.jar" package="accessors-smart-1.2.jar" skipped="0" tests="1" timestamp="2021-07-08T23:41:47.338"><testcase classname="CVE-2021-27568" name="pkg:maven/net.minidev/accessors-smart@1.2"><failure message="cvssV3: CRITICAL, score: 9.1 (CVSS:3.1/AV:N/AC:L/PR:N/UI:N/S:U/C:H/I:N/A:H)"/><system-out>An issue was discovered in netplex json-smart-v1 through 2015-10-23 and json-smart-v2 through 2.4. An exception is thrown from a function, but it is not caught, as demonstrated by NumberFormatException. When it is not caught, it may cause programs using the library to crash or expose sensitive information.</system-out><system-err>location: /root/.m2/repository/net/minidev/accessors-smart/1.2/accessors-smart-1.2.jar</system-err></testcase></testsuite><testsuite failures="0" id="3" name="/root/.m2/repository/javax/activation/activation/1.1.1/activation-1.1.1.jar" package="activation-1.1.1.jar" skipped="0" tests="1" timestamp="2021-07-08T23:41:47.338"><testcase classname="dependency-check" name="activation-1.1.1.jar"/></testsuite><testsuite failures="0" id="4" name="/root/.m2/repository/org/eclipse/aether/aether-api/0.9.0.M2/aether-api-0.9.0.M2.jar" package="aether-api-0.9.0.M2.jar" skipped="0" tests="1" timestamp="2021-07-08T23:41:47.338"><testcase classname="dependency-check" name="aether-api-0.9.0.M2.jar"/></testsuite><testsuite failures="0" id="5" name="/root/.m2/repository/org/eclipse/aether/aether-connector-file/0.9.0.M2/aether-connector-file-0.9.0.M2.jar" package="aether-connector-file-0.9.0.M2.jar" skipped="0" tests="1" timestamp="2021-07-08T23:41:47.338"><testcase classname="dependency-check" name="aether-connector-file-0.9.0.M2.jar"/></testsuite><testsuite failures="0" id="6" name="/root/.m2/repository/io/tesla/aether/aether-connector-okhttp/0.0.9/aether-connector-okhttp-0.0.9.jar" package="aether-connector-okhttp-0.0.9.jar" skipped="0" tests="1" timestamp="2021-07-08T23:41:47.338"><testcase classname="dependency-check" name="aether-connector-okhttp-0.0.9.jar"/></testsuite><testsuite failures="0" id="7" name="/root/.m2/repository/org/eclipse/aether/aether-impl/0.9.0.M2/aether-impl-0.9.0.M2.jar" package="aether-impl-0.9.0.M2.jar" skipped="0" tests="1" timestamp="2021-07-08T23:41:47.338"><testcase classname="dependency-check" name="aether-impl-0.9.0.M2.jar"/></testsuite><testsuite failures="0" id="8" name="/root/.m2/repository/org/eclipse/aether/aether-spi/0.9.0.M2/aether-spi-0.9.0.M2.jar" package="aether-spi-0.9.0.M2.jar" skipped="0" tests="1" timestamp="2021-07-08T23:41:47.338"><testcase classname="dependency-check" name="aether-spi-0.9.0.M2.jar"/></testsuite><testsuite failures="0" id="9" name="/root/.m2/repository/org/eclipse/aether/aether-util/0.9.0.M2/aether-util-0.9.0.M2.jar" package="aether-util-0.9.0.M2.jar" skipped="0" tests="1" timestamp="2021-07-08T23:41:47.338"><testcase classname="dependency-check" name="aether-util-0.9.0.M2.jar"/></testsuite><testsuite failures="0" id="10" name="/root/.m2/repository/net/hydromatic/aggdesigner-algorithm/6.0/aggdesigner-algorithm-6.0.jar" package="aggdesigner-algorithm-6.0.jar" skipped="0" tests="1" timestamp="2021-07-08T23:41:47.338"><testcase classname="dependency-check" name="aggdesigner-algorithm-6.0.jar"/></testsuite><testsuite failures="0" id="11" name="/root/.m2/repository/io/airlift/aircompressor/0.10/aircompressor-0.10.jar" package="aircompressor-0.10.jar" skipped="0" tests="1" timestamp="2021-07-08T23:41:47.338"><testcase classname="dependency-check" name="aircompressor-0.10.jar"/></testsuite><testsuite failures="0" id="12" name="/root/.m2/repository/io/airlift/airline/0.7/airline-0.7.jar" package="airline-0.7.jar" skipped="0" tests="1" timestamp="2021-07-08T23:41:47.338"><testcase classname="dependency-check" name="airline-0.7.jar"/></testsuite><testsuite failures="0" id="13" name="/root/.m2/repository/com/aliyun/aliyun-java-sdk-core/4.5.10/aliyun-java-sdk-core-4.5.10.jar" package="aliyun-java-sdk-core-4.5.10.jar" skipped="0" tests="1" timestamp="2021-07-08T23:41:47.338"><testcase classname="dependency-check" name="aliyun-java-sdk-core-4.5.10.jar"/></testsuite><testsuite failures="0" id="14" name="/root/.m2/repository/com/aliyun/aliyun-java-sdk-kms/2.11.0/aliyun-java-sdk-kms-2.11.0.jar" package="aliyun-java-sdk-kms-2.11.0.jar" skipped="0" tests="1" timestamp="2021-07-08T23:41:47.338"><testcase classname="dependency-check" name="aliyun-java-sdk-kms-2.11.0.jar"/></testsuite><testsuite failures="0" id="15" name="/root/.m2/repository/com/aliyun/aliyun-java-sdk-ram/3.1.0/aliyun-java-sdk-ram-3.1.0.jar" package="aliyun-java-sdk-ram-3.1.0.jar" skipped="0" tests="1" timestamp="2021-07-08T23:41:47.338"><testcase classname="dependency-check" name="aliyun-java-sdk-ram-3.1.0.jar"/></testsuite><testsuite failures="0" id="16" name="/root/.m2/repository/com/aliyun/oss/aliyun-sdk-oss/3.11.3/aliyun-sdk-oss-3.11.3.jar" package="aliyun-sdk-oss-3.11.3.jar" skipped="0" tests="1" timestamp="2021-07-08T23:41:47.338"><testcase classname="dependency-check" name="aliyun-sdk-oss-3.11.3.jar"/></testsuite><testsuite failures="2" id="17" name="/root/.m2/repository/org/apache/ambari/ambari-metrics-common/2.7.0.0.0/ambari-metrics-common-2.7.0.0.0.jar/META-INF/maven/com.google.guava/guava/pom.xml" package="ambari-metrics-common-2.7.0.0.0.jar (shaded: com.google.guava:guava:14.0.1)" skipped="0" tests="2" timestamp="2021-07-08T23:41:47.338"><testcase classname="CVE-2018-10237" name="pkg:maven/com.google.guava/guava@14.0.1"><failure message="cvssV3: MEDIUM, score: 5.9 (CVSS:3.1/AV:N/AC:H/PR:N/UI:N/S:U/C:N/I:N/A:H)"/><system-out>Unbounded memory allocation in Google Guava 11.0 through 24.x before 24.1.1 allows remote attackers to conduct denial of service attacks against servers that depend on this library and deserialize attacker-provided data, because the AtomicDoubleArray class (when serialized with Java serialization) and the CompoundOrdering class (when serialized with GWT serialization) perform eager allocation without appropriate checks on what a client has sent and whether the data size is reasonable.</system-out><system-err>location: /root/.m2/repository/org/apache/ambari/ambari-metrics-common/2.7.0.0.0/ambari-metrics-common-2.7.0.0.0.jar/META-INF/maven/com.google.guava/guava/pom.xml</system-err></testcase><testcase classname="CVE-2020-8908" name="pkg:maven/com.google.guava/guava@14.0.1"><failure message="cvssV3: LOW, score: 3.3 (CVSS:3.1/AV:L/AC:L/PR:L/UI:N/S:U/C:L/I:N/A:N)"/><system-out>A temp directory creation vulnerability exists in all versions of Guava, allowing an attacker with access to the machine to potentially access data in a temporary directory created by the Guava API com.google.common.io.Files.createTempDir(). By default, on unix-like systems, the created directory is world-readable (readable by an attacker with access to the system). The method in question has been marked @Deprecated in versions 30.0 and later and should not be used. For Android developers, we recommend choosing a temporary directory API provided by Android, such as context.getCacheDir(). For other Java developers, we recommend migrating to the Java 7 API java.nio.file.Files.createTempDirectory() which explicitly configures permissions of 700, or configuring the Java runtime&apos;s java.io.tmpdir system property to point to a location whose permissions are appropriately configured.</system-out><system-err>location: /root/.m2/repository/org/apache/ambari/ambari-metrics-common/2.7.0.0.0/ambari-metrics-common-2.7.0.0.0.jar/META-INF/maven/com.google.guava/guava/pom.xml</system-err></testcase></testsuite><testsuite failures="0" id="18" name="/root/.m2/repository/org/apache/ambari/ambari-metrics-common/2.7.0.0.0/ambari-metrics-common-2.7.0.0.0.jar/META-INF/maven/commons-cli/commons-cli/pom.xml" package="ambari-metrics-common-2.7.0.0.0.jar (shaded: commons-cli:commons-cli:1.3.1)" skipped="0" tests="1" timestamp="2021-07-08T23:41:47.338"><testcase classname="dependency-check" name="ambari-metrics-common-2.7.0.0.0.jar (shaded: commons-cli:commons-cli:1.3.1)"/></testsuite><testsuite failures="0" id="19" name="/root/.m2/repository/org/apache/ambari/ambari-metrics-common/2.7.0.0.0/ambari-metrics-common-2.7.0.0.0.jar/META-INF/maven/commons-codec/commons-codec/pom.xml" package="ambari-metrics-common-2.7.0.0.0.jar (shaded: commons-codec:commons-codec:1.9)" skipped="0" tests="1" timestamp="2021-07-08T23:41:47.338"><testcase classname="dependency-check" name="ambari-metrics-common-2.7.0.0.0.jar (shaded: commons-codec:commons-codec:1.9)"/></testsuite><testsuite failures="1" id="20" name="/root/.m2/repository/org/apache/ambari/ambari-metrics-common/2.7.0.0.0/ambari-metrics-common-2.7.0.0.0.jar/META-INF/maven/commons-io/commons-io/pom.xml" package="ambari-metrics-common-2.7.0.0.0.jar (shaded: commons-io:commons-io:2.4)" skipped="0" tests="1" timestamp="2021-07-08T23:41:47.338"><testcase classname="CVE-2021-29425" name="pkg:maven/commons-io/commons-io@2.4"><failure message="cvssV3: MEDIUM, score: 5.3 (CVSS:3.1/AV:N/AC:L/PR:N/UI:N/S:U/C:L/I:N/A:N)"/><system-out>In Apache Commons IO before 2.7, When invoking the method FileNameUtils.normalize with an improper input string, like &quot;//../foo&quot;, or &quot;\\..\foo&quot;, the result would be the same value, thus possibly providing access to files in the parent directory, but not further above (thus &quot;limited&quot; path traversal), if the calling code would use the result to construct a path value.</system-out><system-err>location: /root/.m2/repository/org/apache/ambari/ambari-metrics-common/2.7.0.0.0/ambari-metrics-common-2.7.0.0.0.jar/META-INF/maven/commons-io/commons-io/pom.xml</system-err></testcase></testsuite><testsuite failures="0" id="21" name="/root/.m2/repository/org/apache/ambari/ambari-metrics-common/2.7.0.0.0/ambari-metrics-common-2.7.0.0.0.jar/META-INF/maven/commons-lang/commons-lang/pom.xml" package="ambari-metrics-common-2.7.0.0.0.jar (shaded: commons-lang:commons-lang:2.5)" skipped="0" tests="1" timestamp="2021-07-08T23:41:47.338"><testcase classname="dependency-check" name="ambari-metrics-common-2.7.0.0.0.jar (shaded: commons-lang:commons-lang:2.5)"/></testsuite><testsuite failures="6" id="22" name="/root/.m2/repository/org/apache/ambari/ambari-metrics-common/2.7.0.0.0/ambari-metrics-common-2.7.0.0.0.jar/META-INF/maven/io.netty/netty/pom.xml" package="ambari-metrics-common-2.7.0.0.0.jar (shaded: io.netty:netty:3.10.5.Final)" skipped="0" tests="6" timestamp="2021-07-08T23:41:47.338"><testcase classname="CVE-2019-16869" name="pkg:maven/io.netty/netty@3.10.5.Final"><failure message="cvssV3: HIGH, score: 7.5 (CVSS:3.1/AV:N/AC:L/PR:N/UI:N/S:U/C:N/I:H/A:N)"/><system-out>Netty before 4.1.42.Final mishandles whitespace before the colon in HTTP headers (such as a &quot;Transfer-Encoding : chunked&quot; line), which leads to HTTP request smuggling.</system-out><system-err>location: /root/.m2/repository/org/apache/ambari/ambari-metrics-common/2.7.0.0.0/ambari-metrics-common-2.7.0.0.0.jar/META-INF/maven/io.netty/netty/pom.xml</system-err></testcase><testcase classname="CVE-2019-20444" name="pkg:maven/io.netty/netty@3.10.5.Final"><failure message="cvssV3: CRITICAL, score: 9.1 (CVSS:3.1/AV:N/AC:L/PR:N/UI:N/S:U/C:H/I:H/A:N)"/><system-out>HttpObjectDecoder.java in Netty before 4.1.44 allows an HTTP header that lacks a colon, which might be interpreted as a separate header with an incorrect syntax, or might be interpreted as an &quot;invalid fold.&quot;</system-out><system-err>location: /root/.m2/repository/org/apache/ambari/ambari-metrics-common/2.7.0.0.0/ambari-metrics-common-2.7.0.0.0.jar/META-INF/maven/io.netty/netty/pom.xml</system-err></testcase><testcase classname="CVE-2019-20445" name="pkg:maven/io.netty/netty@3.10.5.Final"><failure message="cvssV3: CRITICAL, score: 9.1 (CVSS:3.1/AV:N/AC:L/PR:N/UI:N/S:U/C:H/I:H/A:N)"/><system-out>HttpObjectDecoder.java in Netty before 4.1.44 allows a Content-Length header to be accompanied by a second Content-Length header, or by a Transfer-Encoding header.</system-out><system-err>location: /root/.m2/repository/org/apache/ambari/ambari-metrics-common/2.7.0.0.0/ambari-metrics-common-2.7.0.0.0.jar/META-INF/maven/io.netty/netty/pom.xml</system-err></testcase><testcase classname="CVE-2021-21290" name="pkg:maven/io.netty/netty@3.10.5.Final"><failure message="cvssV3: MEDIUM, score: 5.5 (CVSS:3.1/AV:L/AC:L/PR:L/UI:N/S:U/C:H/I:N/A:N)"/><system-out>Netty is an open-source, asynchronous event-driven network application framework for rapid development of maintainable high performance protocol servers &amp; clients. In Netty before version 4.1.59.Final there is a vulnerability on Unix-like systems involving an insecure temp file. When netty&apos;s multipart decoders are used local information disclosure can occur via the local system temporary directory if temporary storing uploads on the disk is enabled. On unix-like systems, the temporary directory is shared between all user. As such, writing to this directory using APIs that do not explicitly set the file/directory permissions can lead to information disclosure. Of note, this does not impact modern MacOS Operating Systems. The method &quot;File.createTempFile&quot; on unix-like systems creates a random file, but, by default will create this file with the permissions &quot;-rw-r--r--&quot;. Thus, if sensitive information is written to this file, other local users can read this information. This is the case in netty&apos;s &quot;AbstractDiskHttpData&quot; is vulnerable. This has been fixed in version 4.1.59.Final. As a workaround, one may specify your own &quot;java.io.tmpdir&quot; when you start the JVM or use &quot;DefaultHttpDataFactory.setBaseDir(...)&quot; to set the directory to something that is only readable by the current user.</system-out><system-err>location: /root/.m2/repository/org/apache/ambari/ambari-metrics-common/2.7.0.0.0/ambari-metrics-common-2.7.0.0.0.jar/META-INF/maven/io.netty/netty/pom.xml</system-err></testcase><testcase classname="CVE-2021-21295" name="pkg:maven/io.netty/netty@3.10.5.Final"><failure message="cvssV3: MEDIUM, score: 5.9 (CVSS:3.1/AV:N/AC:H/PR:N/UI:N/S:U/C:N/I:H/A:N)"/><system-out>Netty is an open-source, asynchronous event-driven network application framework for rapid development of maintainable high performance protocol servers &amp; clients. In Netty (io.netty:netty-codec-http2) before version 4.1.60.Final there is a vulnerability that enables request smuggling. If a Content-Length header is present in the original HTTP/2 request, the field is not validated by `Http2MultiplexHandler` as it is propagated up. This is fine as long as the request is not proxied through as HTTP/1.1. If the request comes in as an HTTP/2 stream, gets converted into the HTTP/1.1 domain objects (`HttpRequest`, `HttpContent`, etc.) via `Http2StreamFrameToHttpObjectCodec `and then sent up to the child channel&apos;s pipeline and proxied through a remote peer as HTTP/1.1 this may result in request smuggling. In a proxy case, users may assume the content-length is validated somehow, which is not the case. If the request is forwarded to a backend channel that is a HTTP/1.1 connection, the Content-Length now has meaning and needs to be checked. An attacker can smuggle requests inside the body as it gets downgraded from HTTP/2 to HTTP/1.1. For an example attack refer to the linked GitHub Advisory. Users are only affected if all of this is true: `HTTP2MultiplexCodec` or `Http2FrameCodec` is used, `Http2StreamFrameToHttpObjectCodec` is used to convert to HTTP/1.1 objects, and these HTTP/1.1 objects are forwarded to another remote peer. This has been patched in 4.1.60.Final As a workaround, the user can do the validation by themselves by implementing a custom `ChannelInboundHandler` that is put in the `ChannelPipeline` behind `Http2StreamFrameToHttpObjectCodec`.</system-out><system-err>location: /root/.m2/repository/org/apache/ambari/ambari-metrics-common/2.7.0.0.0/ambari-metrics-common-2.7.0.0.0.jar/META-INF/maven/io.netty/netty/pom.xml</system-err></testcase><testcase classname="CVE-2021-21409" name="pkg:maven/io.netty/netty@3.10.5.Final"><failure message="cvssV3: MEDIUM, score: 5.9 (CVSS:3.1/AV:N/AC:H/PR:N/UI:N/S:U/C:N/I:H/A:N)"/><system-out>Netty is an open-source, asynchronous event-driven network application framework for rapid development of maintainable high performance protocol servers &amp; clients. In Netty (io.netty:netty-codec-http2) before version 4.1.61.Final there is a vulnerability that enables request smuggling. The content-length header is not correctly validated if the request only uses a single Http2HeaderFrame with the endStream set to to true. This could lead to request smuggling if the request is proxied to a remote peer and translated to HTTP/1.1. This is a followup of GHSA-wm47-8v5p-wjpj/CVE-2021-21295 which did miss to fix this one case. This was fixed as part of 4.1.61.Final.</system-out><system-err>location: /root/.m2/repository/org/apache/ambari/ambari-metrics-common/2.7.0.0.0/ambari-metrics-common-2.7.0.0.0.jar/META-INF/maven/io.netty/netty/pom.xml</system-err></testcase></testsuite><testsuite failures="0" id="23" name="/root/.m2/repository/org/apache/ambari/ambari-metrics-common/2.7.0.0.0/ambari-metrics-common-2.7.0.0.0.jar/META-INF/maven/org.apache.commons/commons-math3/pom.xml" package="ambari-metrics-common-2.7.0.0.0.jar (shaded: org.apache.commons:commons-math3:3.1.1)" skipped="0" tests="1" timestamp="2021-07-08T23:41:47.338"><testcase classname="dependency-check" name="ambari-metrics-common-2.7.0.0.0.jar (shaded: org.apache.commons:commons-math3:3.1.1)"/></testsuite><testsuite failures="0" id="24" name="/root/.m2/repository/org/apache/ambari/ambari-metrics-common/2.7.0.0.0/ambari-metrics-common-2.7.0.0.0.jar/META-INF/maven/org.apache.curator/curator-client/pom.xml" package="ambari-metrics-common-2.7.0.0.0.jar (shaded: org.apache.curator:curator-client:4.0.0)" skipped="0" tests="1" timestamp="2021-07-08T23:41:47.338"><testcase classname="dependency-check" name="ambari-metrics-common-2.7.0.0.0.jar (shaded: org.apache.curator:curator-client:4.0.0)"/></testsuite><testsuite failures="0" id="25" name="/root/.m2/repository/org/apache/ambari/ambari-metrics-common/2.7.0.0.0/ambari-metrics-common-2.7.0.0.0.jar/META-INF/maven/org.apache.curator/curator-framework/pom.xml" package="ambari-metrics-common-2.7.0.0.0.jar (shaded: org.apache.curator:curator-framework:4.0.0)" skipped="0" tests="1" timestamp="2021-07-08T23:41:47.338"><testcase classname="dependency-check" name="ambari-metrics-common-2.7.0.0.0.jar (shaded: org.apache.curator:curator-framework:4.0.0)"/></testsuite><testsuite failures="13" id="26" name="/root/.m2/repository/org/apache/ambari/ambari-metrics-common/2.7.0.0.0/ambari-metrics-common-2.7.0.0.0.jar/META-INF/maven/org.apache.hadoop/hadoop-annotations/pom.xml" package="ambari-metrics-common-2.7.0.0.0.jar (shaded: org.apache.hadoop:hadoop-annotations:2.6.0)" skipped="0" tests="13" timestamp="2021-07-08T23:41:47.338"><testcase classname="CVE-2015-1776" name="pkg:maven/org.apache.hadoop/hadoop-annotations@2.6.0"><failure message="cvssV3: MEDIUM, score: 6.2 (CVSS:3.0/AV:L/AC:L/PR:N/UI:N/S:U/C:H/I:N/A:N)"/><system-out>Apache Hadoop 2.6.x encrypts intermediate data generated by a MapReduce job and stores it along with the encryption key in a credentials file on disk when the Intermediate data encryption feature is enabled, which allows local users to obtain sensitive information by reading the file.</system-out><system-err>location: /root/.m2/repository/org/apache/ambari/ambari-metrics-common/2.7.0.0.0/ambari-metrics-common-2.7.0.0.0.jar/META-INF/maven/org.apache.hadoop/hadoop-annotations/pom.xml</system-err></testcase><testcase classname="CVE-2016-3086" name="pkg:maven/org.apache.hadoop/hadoop-annotations@2.6.0"><failure message="cvssV3: CRITICAL, score: 9.8 (CVSS:3.0/AV:N/AC:L/PR:N/UI:N/S:U/C:H/I:H/A:H)"/><system-out>The YARN NodeManager in Apache Hadoop 2.6.x before 2.6.5 and 2.7.x before 2.7.3 can leak the password for credential store provider used by the NodeManager to YARN Applications.</system-out><system-err>location: /root/.m2/repository/org/apache/ambari/ambari-metrics-common/2.7.0.0.0/ambari-metrics-common-2.7.0.0.0.jar/META-INF/maven/org.apache.hadoop/hadoop-annotations/pom.xml</system-err></testcase><testcase classname="CVE-2016-5001" name="pkg:maven/org.apache.hadoop/hadoop-annotations@2.6.0"><failure message="cvssV3: MEDIUM, score: 5.5 (CVSS:3.0/AV:L/AC:L/PR:L/UI:N/S:U/C:H/I:N/A:N)"/><system-out>This is an information disclosure vulnerability in Apache Hadoop before 2.6.4 and 2.7.x before 2.7.2 in the short-circuit reads feature of HDFS. A local user on an HDFS DataNode may be able to craft a block token that grants unauthorized read access to random files by guessing certain fields in the token.</system-out><system-err>location: /root/.m2/repository/org/apache/ambari/ambari-metrics-common/2.7.0.0.0/ambari-metrics-common-2.7.0.0.0.jar/META-INF/maven/org.apache.hadoop/hadoop-annotations/pom.xml</system-err></testcase><testcase classname="CVE-2016-5393" name="pkg:maven/org.apache.hadoop/hadoop-annotations@2.6.0"><failure message="cvssV3: HIGH, score: 8.8 (CVSS:3.0/AV:N/AC:L/PR:L/UI:N/S:U/C:H/I:H/A:H)"/><system-out>In Apache Hadoop 2.6.x before 2.6.5 and 2.7.x before 2.7.3, a remote user who can authenticate with the HDFS NameNode can possibly run arbitrary commands with the same privileges as the HDFS service.</system-out><system-err>location: /root/.m2/repository/org/apache/ambari/ambari-metrics-common/2.7.0.0.0/ambari-metrics-common-2.7.0.0.0.jar/META-INF/maven/org.apache.hadoop/hadoop-annotations/pom.xml</system-err></testcase><testcase classname="CVE-2016-6811" name="pkg:maven/org.apache.hadoop/hadoop-annotations@2.6.0"><failure message="cvssV3: HIGH, score: 8.8 (CVSS:3.0/AV:N/AC:L/PR:L/UI:N/S:U/C:H/I:H/A:H)"/><system-out>In Apache Hadoop 2.x before 2.7.4, a user who can escalate to yarn user can possibly run arbitrary commands as root user.</system-out><system-err>location: /root/.m2/repository/org/apache/ambari/ambari-metrics-common/2.7.0.0.0/ambari-metrics-common-2.7.0.0.0.jar/META-INF/maven/org.apache.hadoop/hadoop-annotations/pom.xml</system-err></testcase><testcase classname="CVE-2017-15713" name="pkg:maven/org.apache.hadoop/hadoop-annotations@2.6.0"><failure message="cvssV3: MEDIUM, score: 6.5 (CVSS:3.0/AV:N/AC:L/PR:L/UI:N/S:U/C:H/I:N/A:N)"/><system-out>Vulnerability in Apache Hadoop 0.23.x, 2.x before 2.7.5, 2.8.x before 2.8.3, and 3.0.0-alpha through 3.0.0-beta1 allows a cluster user to expose private files owned by the user running the MapReduce job history server process. The malicious user can construct a configuration file containing XML directives that reference sensitive files on the MapReduce job history server host.</system-out><system-err>location: /root/.m2/repository/org/apache/ambari/ambari-metrics-common/2.7.0.0.0/ambari-metrics-common-2.7.0.0.0.jar/META-INF/maven/org.apache.hadoop/hadoop-annotations/pom.xml</system-err></testcase><testcase classname="CVE-2017-3161" name="pkg:maven/org.apache.hadoop/hadoop-annotations@2.6.0"><failure message="cvssV3: MEDIUM, score: 6.1 (CVSS:3.0/AV:N/AC:L/PR:N/UI:R/S:C/C:L/I:L/A:N)"/><system-out>The HDFS web UI in Apache Hadoop before 2.7.0 is vulnerable to a cross-site scripting (XSS) attack through an unescaped query parameter.</system-out><system-err>location: /root/.m2/repository/org/apache/ambari/ambari-metrics-common/2.7.0.0.0/ambari-metrics-common-2.7.0.0.0.jar/META-INF/maven/org.apache.hadoop/hadoop-annotations/pom.xml</system-err></testcase><testcase classname="CVE-2017-3162" name="pkg:maven/org.apache.hadoop/hadoop-annotations@2.6.0"><failure message="cvssV3: HIGH, score: 7.3 (CVSS:3.0/AV:N/AC:L/PR:N/UI:N/S:U/C:L/I:L/A:L)"/><system-out>HDFS clients interact with a servlet on the DataNode to browse the HDFS namespace. The NameNode is provided as a query parameter that is not validated in Apache Hadoop before 2.7.0.</system-out><system-err>location: /root/.m2/repository/org/apache/ambari/ambari-metrics-common/2.7.0.0.0/ambari-metrics-common-2.7.0.0.0.jar/META-INF/maven/org.apache.hadoop/hadoop-annotations/pom.xml</system-err></testcase><testcase classname="CVE-2018-11768" name="pkg:maven/org.apache.hadoop/hadoop-annotations@2.6.0"><failure message="cvssV3: HIGH, score: 7.5 (CVSS:3.1/AV:N/AC:L/PR:N/UI:N/S:U/C:N/I:H/A:N)"/><system-out>In Apache Hadoop 3.1.0 to 3.1.1, 3.0.0-alpha1 to 3.0.3, 2.9.0 to 2.9.1, and 2.0.0-alpha to 2.8.4, the user/group information can be corrupted across storing in fsimage and reading back from fsimage.</system-out><system-err>location: /root/.m2/repository/org/apache/ambari/ambari-metrics-common/2.7.0.0.0/ambari-metrics-common-2.7.0.0.0.jar/META-INF/maven/org.apache.hadoop/hadoop-annotations/pom.xml</system-err></testcase><testcase classname="CVE-2018-1296" name="pkg:maven/org.apache.hadoop/hadoop-annotations@2.6.0"><failure message="cvssV3: HIGH, score: 7.5 (CVSS:3.0/AV:N/AC:L/PR:N/UI:N/S:U/C:H/I:N/A:N)"/><system-out>In Apache Hadoop 3.0.0-alpha1 to 3.0.0, 2.9.0, 2.8.0 to 2.8.3, and 2.5.0 to 2.7.5, HDFS exposes extended attribute key/value pairs during listXAttrs, verifying only path-level search access to the directory rather than path-level read permission to the referent.</system-out><system-err>location: /root/.m2/repository/org/apache/ambari/ambari-metrics-common/2.7.0.0.0/ambari-metrics-common-2.7.0.0.0.jar/META-INF/maven/org.apache.hadoop/hadoop-annotations/pom.xml</system-err></testcase><testcase classname="CVE-2018-8009" name="pkg:maven/org.apache.hadoop/hadoop-annotations@2.6.0"><failure message="cvssV3: HIGH, score: 8.8 (CVSS:3.0/AV:N/AC:L/PR:L/UI:N/S:U/C:H/I:H/A:H)"/><system-out>Apache Hadoop 3.1.0, 3.0.0-alpha to 3.0.2, 2.9.0 to 2.9.1, 2.8.0 to 2.8.4, 2.0.0-alpha to 2.7.6, 0.23.0 to 0.23.11 is exploitable via the zip slip vulnerability in places that accept a zip file.</system-out><system-err>location: /root/.m2/repository/org/apache/ambari/ambari-metrics-common/2.7.0.0.0/ambari-metrics-common-2.7.0.0.0.jar/META-INF/maven/org.apache.hadoop/hadoop-annotations/pom.xml</system-err></testcase><testcase classname="CVE-2018-8029" name="pkg:maven/org.apache.hadoop/hadoop-annotations@2.6.0"><failure message="cvssV3: HIGH, score: 8.8 (CVSS:3.0/AV:N/AC:L/PR:L/UI:N/S:U/C:H/I:H/A:H)"/><system-out>In Apache Hadoop versions 3.0.0-alpha1 to 3.1.0, 2.9.0 to 2.9.1, and 2.2.0 to 2.8.4, a user who can escalate to yarn user can possibly run arbitrary commands as root user.</system-out><system-err>location: /root/.m2/repository/org/apache/ambari/ambari-metrics-common/2.7.0.0.0/ambari-metrics-common-2.7.0.0.0.jar/META-INF/maven/org.apache.hadoop/hadoop-annotations/pom.xml</system-err></testcase><testcase classname="CVE-2020-9492" name="pkg:maven/org.apache.hadoop/hadoop-annotations@2.6.0"><failure message="cvssV3: HIGH, score: 8.8 (CVSS:3.1/AV:N/AC:L/PR:L/UI:N/S:U/C:H/I:H/A:H)"/><system-out>In Apache Hadoop 3.2.0 to 3.2.1, 3.0.0-alpha1 to 3.1.3, and 2.0.0-alpha to 2.10.0, WebHDFS client might send SPNEGO authorization header to remote URL without proper verification.</system-out><system-err>location: /root/.m2/repository/org/apache/ambari/ambari-metrics-common/2.7.0.0.0/ambari-metrics-common-2.7.0.0.0.jar/META-INF/maven/org.apache.hadoop/hadoop-annotations/pom.xml</system-err></testcase></testsuite><testsuite failures="1" id="27" name="/root/.m2/repository/org/apache/ambari/ambari-metrics-common/2.7.0.0.0/ambari-metrics-common-2.7.0.0.0.jar/META-INF/maven/org.apache.httpcomponents/httpclient/pom.xml" package="ambari-metrics-common-2.7.0.0.0.jar (shaded: org.apache.httpcomponents:httpclient:4.5.2)" skipped="0" tests="1" timestamp="2021-07-08T23:41:47.338"><testcase classname="CVE-2020-13956" name="pkg:maven/org.apache.httpcomponents/httpclient@4.5.2"><failure message="cvssV3: MEDIUM, score: 5.3 (CVSS:3.1/AV:N/AC:L/PR:N/UI:N/S:U/C:N/I:L/A:N)"/><system-out>Apache HttpClient versions prior to version 4.5.13 and 5.0.3 can misinterpret malformed authority component in request URIs passed to the library as java.net.URI object and pick the wrong target host for request execution.</system-out><system-err>location: /root/.m2/repository/org/apache/ambari/ambari-metrics-common/2.7.0.0.0/ambari-metrics-common-2.7.0.0.0.jar/META-INF/maven/org.apache.httpcomponents/httpclient/pom.xml</system-err></testcase></testsuite><testsuite failures="0" id="28" name="/root/.m2/repository/org/apache/ambari/ambari-metrics-common/2.7.0.0.0/ambari-metrics-common-2.7.0.0.0.jar/META-INF/maven/org.apache.httpcomponents/httpcore/pom.xml" package="ambari-metrics-common-2.7.0.0.0.jar (shaded: org.apache.httpcomponents:httpcore:4.4.4)" skipped="0" tests="1" timestamp="2021-07-08T23:41:47.338"><testcase classname="dependency-check" name="ambari-metrics-common-2.7.0.0.0.jar (shaded: org.apache.httpcomponents:httpcore:4.4.4)"/></testsuite><testsuite failures="0" id="29" name="/root/.m2/repository/org/apache/ambari/ambari-metrics-common/2.7.0.0.0/ambari-metrics-common-2.7.0.0.0.jar/META-INF/maven/org.slf4j/slf4j-api/pom.xml" package="ambari-metrics-common-2.7.0.0.0.jar (shaded: org.slf4j:slf4j-api:1.7.6)" skipped="0" tests="1" timestamp="2021-07-08T23:41:47.338"><testcase classname="dependency-check" name="ambari-metrics-common-2.7.0.0.0.jar (shaded: org.slf4j:slf4j-api:1.7.6)"/></testsuite><testsuite failures="1" id="30" name="/root/.m2/repository/org/apache/ambari/ambari-metrics-common/2.7.0.0.0/ambari-metrics-common-2.7.0.0.0.jar" package="ambari-metrics-common-2.7.0.0.0.jar" skipped="0" tests="1" timestamp="2021-07-08T23:41:47.338"><testcase classname="CVE-2020-1936" name="pkg:maven/org.apache.ambari/ambari-metrics-common@2.7.0.0.0"><failure message="cvssV3: MEDIUM, score: 6.1 (CVSS:3.1/AV:N/AC:L/PR:N/UI:R/S:C/C:L/I:L/A:N)"/><system-out>A cross-site scripting issue was found in Apache Ambari Views. This was addressed in Apache Ambari 2.7.4.</system-out><system-err>location: /root/.m2/repository/org/apache/ambari/ambari-metrics-common/2.7.0.0.0/ambari-metrics-common-2.7.0.0.0.jar</system-err></testcase></testsuite><testsuite failures="0" id="31" name="/root/.m2/repository/antlr/antlr/2.7.7/antlr-2.7.7.jar" package="antlr-2.7.7.jar" skipped="0" tests="1" timestamp="2021-07-08T23:41:47.338"><testcase classname="dependency-check" name="antlr-2.7.7.jar"/></testsuite><testsuite failures="0" id="32" name="/root/.m2/repository/org/antlr/antlr/3.2/antlr-3.2.jar" package="antlr-3.2.jar" skipped="0" tests="1" timestamp="2021-07-08T23:41:47.338"><testcase classname="dependency-check" name="antlr-3.2.jar"/></testsuite><testsuite failures="0" id="33" name="/root/.m2/repository/org/antlr/antlr-runtime/3.2/antlr-runtime-3.2.jar" package="antlr-runtime-3.2.jar" skipped="0" tests="1" timestamp="2021-07-08T23:41:47.338"><testcase classname="dependency-check" name="antlr-runtime-3.2.jar"/></testsuite><testsuite failures="0" id="34" name="/root/.m2/repository/org/antlr/antlr4-runtime/4.5.1/antlr4-runtime-4.5.1.jar" package="antlr4-runtime-4.5.1.jar" skipped="0" tests="1" timestamp="2021-07-08T23:41:47.338"><testcase classname="dependency-check" name="antlr4-runtime-4.5.1.jar"/></testsuite><testsuite failures="0" id="35" name="/root/.m2/repository/aopalliance/aopalliance/1.0/aopalliance-1.0.jar" package="aopalliance-1.0.jar" skipped="0" tests="1" timestamp="2021-07-08T23:41:47.338"><testcase classname="dependency-check" name="aopalliance-1.0.jar"/></testsuite><testsuite failures="1" id="36" name="/root/.m2/repository/org/apache/directory/server/apacheds-i18n/2.0.0-M15/apacheds-i18n-2.0.0-M15.jar" package="apacheds-i18n-2.0.0-M15.jar" skipped="0" tests="1" timestamp="2021-07-08T23:41:47.338"><testcase classname="CVE-2020-7791" name="pkg:maven/org.apache.directory.server/apacheds-i18n@2.0.0-M15"><failure message="cvssV3: HIGH, score: 7.5 (CVSS:3.1/AV:N/AC:L/PR:N/UI:N/S:U/C:N/I:N/A:H)"/><system-out>This affects the package i18n before 2.1.15. Vulnerability arises out of insufficient handling of erroneous language tags in src/i18n/Concrete/TextLocalizer.cs and src/i18n/LocalizedApplication.cs.</system-out><system-err>location: /root/.m2/repository/org/apache/directory/server/apacheds-i18n/2.0.0-M15/apacheds-i18n-2.0.0-M15.jar</system-err></testcase></testsuite><testsuite failures="0" id="37" name="/root/.m2/repository/org/apache/directory/server/apacheds-kerberos-codec/2.0.0-M15/apacheds-kerberos-codec-2.0.0-M15.jar" package="apacheds-kerberos-codec-2.0.0-M15.jar" skipped="0" tests="1" timestamp="2021-07-08T23:41:47.338"><testcase classname="dependency-check" name="apacheds-kerberos-codec-2.0.0-M15.jar"/></testsuite><testsuite failures="0" id="38" name="/root/.m2/repository/org/apache/directory/api/api-asn1-api/1.0.0-M20/api-asn1-api-1.0.0-M20.jar" package="api-asn1-api-1.0.0-M20.jar" skipped="0" tests="1" timestamp="2021-07-08T23:41:47.338"><testcase classname="dependency-check" name="api-asn1-api-1.0.0-M20.jar"/></testsuite><testsuite failures="0" id="39" name="/root/.m2/repository/org/apache/directory/api/api-util/1.0.3/api-util-1.0.3.jar" package="api-util-1.0.3.jar" skipped="0" tests="1" timestamp="2021-07-08T23:41:47.338"><testcase classname="dependency-check" name="api-util-1.0.3.jar"/></testsuite><testsuite failures="0" id="40" name="/root/.m2/repository/org/ow2/asm/asm/7.1/asm-7.1.jar" package="asm-7.1.jar" skipped="0" tests="1" timestamp="2021-07-08T23:41:47.338"><testcase classname="dependency-check" name="asm-7.1.jar"/></testsuite><testsuite failures="0" id="41" name="/root/.m2/repository/org/ow2/asm/asm-analysis/7.1/asm-analysis-7.1.jar" package="asm-analysis-7.1.jar" skipped="0" tests="1" timestamp="2021-07-08T23:41:47.338"><testcase classname="dependency-check" name="asm-analysis-7.1.jar"/></testsuite><testsuite failures="0" id="42" name="/root/.m2/repository/org/ow2/asm/asm-commons/7.1/asm-commons-7.1.jar" package="asm-commons-7.1.jar" skipped="0" tests="1" timestamp="2021-07-08T23:41:47.338"><testcase classname="dependency-check" name="asm-commons-7.1.jar"/></testsuite><testsuite failures="0" id="43" name="/root/.m2/repository/org/ow2/asm/asm-tree/7.1/asm-tree-7.1.jar" package="asm-tree-7.1.jar" skipped="0" tests="1" timestamp="2021-07-08T23:41:47.338"><testcase classname="dependency-check" name="asm-tree-7.1.jar"/></testsuite><testsuite failures="0" id="44" name="/root/.m2/repository/org/ow2/asm/asm-util/5.0.3/asm-util-5.0.3.jar" package="asm-util-5.0.3.jar" skipped="0" tests="1" timestamp="2021-07-08T23:41:47.338"><testcase classname="dependency-check" name="asm-util-5.0.3.jar"/></testsuite><testsuite failures="0" id="45" name="/root/.m2/repository/com/netflix/astyanax/astyanax/1.0.1/astyanax-1.0.1.jar" package="astyanax-1.0.1.jar" skipped="0" tests="1" timestamp="2021-07-08T23:41:47.338"><testcase classname="dependency-check" name="astyanax-1.0.1.jar"/></testsuite><testsuite failures="0" id="46" name="/root/.m2/repository/org/asynchttpclient/async-http-client/2.5.3/async-http-client-2.5.3.jar" package="async-http-client-2.5.3.jar" skipped="0" tests="1" timestamp="2021-07-08T23:41:47.338"><testcase classname="dependency-check" name="async-http-client-2.5.3.jar"/></testsuite><testsuite failures="0" id="47" name="/root/.m2/repository/org/asynchttpclient/async-http-client-netty-utils/2.5.3/async-http-client-netty-utils-2.5.3.jar" package="async-http-client-netty-utils-2.5.3.jar" skipped="0" tests="1" timestamp="2021-07-08T23:41:47.338"><testcase classname="dependency-check" name="async-http-client-netty-utils-2.5.3.jar"/></testsuite><testsuite failures="0" id="48" name="/root/.m2/repository/org/apache/yetus/audience-annotations/0.5.0/audience-annotations-0.5.0.jar" package="audience-annotations-0.5.0.jar" skipped="0" tests="1" timestamp="2021-07-08T23:41:47.338"><testcase classname="dependency-check" name="audience-annotations-0.5.0.jar"/></testsuite><testsuite failures="1" id="49" name="/root/.m2/repository/org/apache/calcite/avatica/avatica-server/1.17.0/avatica-server-1.17.0.jar" package="avatica-server-1.17.0.jar" skipped="0" tests="1" timestamp="2021-07-08T23:41:47.338"><testcase classname="CVE-2020-13955" name="pkg:maven/org.apache.calcite.avatica/avatica-server@1.17.0"><failure message="cvssV3: MEDIUM, score: 5.9 (CVSS:3.1/AV:N/AC:H/PR:N/UI:N/S:U/C:H/I:N/A:N)"/><system-out>HttpUtils#getURLConnection method disables explicitly hostname verification for HTTPS connections making clients vulnerable to man-in-the-middle attacks. Calcite uses internally this method to connect with Druid and Splunk so information leakage may happen when using the respective Calcite adapters. The method itself is in a utility class so people may use it to create vulnerable HTTPS connections for other applications. From Apache Calcite 1.26 onwards, the hostname verification will be performed using the default JVM truststore.</system-out><system-err>location: /root/.m2/repository/org/apache/calcite/avatica/avatica-server/1.17.0/avatica-server-1.17.0.jar</system-err></testcase></testsuite><testsuite failures="0" id="50" name="/root/.m2/repository/org/apache/cassandra/deps/avro/1.4.0-cassandra-1/avro-1.4.0-cassandra-1.jar" package="avro-1.4.0-cassandra-1.jar" skipped="0" tests="1" timestamp="2021-07-08T23:41:47.338"><testcase classname="dependency-check" name="avro-1.4.0-cassandra-1.jar"/></testsuite><testsuite failures="0" id="51" name="/root/.m2/repository/org/apache/cassandra/deps/avro/1.4.0-cassandra-1/avro-1.4.0-cassandra-1.jar/org/apache/avro/ipc/stats/static/avro.js" package="avro-1.4.0-cassandra-1.jar: avro.js" skipped="0" tests="1" timestamp="2021-07-08T23:41:47.338"><testcase classname="dependency-check" name="avro-1.4.0-cassandra-1.jar: avro.js"/></testsuite><testsuite failures="0" id="52" name="/root/.m2/repository/org/apache/cassandra/deps/avro/1.4.0-cassandra-1/avro-1.4.0-cassandra-1.jar/org/apache/avro/ipc/stats/static/g.bar.js" package="avro-1.4.0-cassandra-1.jar: g.bar.js" skipped="0" tests="1" timestamp="2021-07-08T23:41:47.338"><testcase classname="dependency-check" name="avro-1.4.0-cassandra-1.jar: g.bar.js"/></testsuite><testsuite failures="6" id="53" name="/root/.m2/repository/org/apache/cassandra/deps/avro/1.4.0-cassandra-1/avro-1.4.0-cassandra-1.jar/org/apache/avro/ipc/stats/static/jquery-1.4.2.min.js" package="avro-1.4.0-cassandra-1.jar: jquery-1.4.2.min.js" skipped="0" tests="6" timestamp="2021-07-08T23:41:47.338"><testcase classname="CVE-2011-4969" name="pkg:javascript/jquery@1.4.2.min"><failure message="cvssV2: MEDIUM, score: 4.3 (/AV:N/AC:M/Au:N/C:N/I:P/A:N)"/><system-out>Cross-site scripting (XSS) vulnerability in jQuery before 1.6.3, when using location.hash to select elements, allows remote attackers to inject arbitrary web script or HTML via a crafted tag.</system-out><system-err>location: /root/.m2/repository/org/apache/cassandra/deps/avro/1.4.0-cassandra-1/avro-1.4.0-cassandra-1.jar/org/apache/avro/ipc/stats/static/jquery-1.4.2.min.js</system-err></testcase><testcase classname="CVE-2012-6708" name="pkg:javascript/jquery@1.4.2.min"><failure message="cvssV3: MEDIUM, score: 6.1 (CVSS:3.0/AV:N/AC:L/PR:N/UI:R/S:C/C:L/I:L/A:N)"/><system-out>jQuery before 1.9.0 is vulnerable to Cross-site Scripting (XSS) attacks. The jQuery(strInput) function does not differentiate selectors from HTML in a reliable fashion. In vulnerable versions, jQuery determined whether the input was HTML by looking for the &apos;&lt;&apos; character anywhere in the string, giving attackers more flexibility when attempting to construct a malicious payload. In fixed versions, jQuery only deems the input to be HTML if it explicitly starts with the &apos;&lt;&apos; character, limiting exploitability only to attackers who can control the beginning of a string, which is far less common.</system-out><system-err>location: /root/.m2/repository/org/apache/cassandra/deps/avro/1.4.0-cassandra-1/avro-1.4.0-cassandra-1.jar/org/apache/avro/ipc/stats/static/jquery-1.4.2.min.js</system-err></testcase><testcase classname="CVE-2015-9251" name="pkg:javascript/jquery@1.4.2.min"><failure message="cvssV3: MEDIUM, score: 6.1 (CVSS:3.0/AV:N/AC:L/PR:N/UI:R/S:C/C:L/I:L/A:N)"/><system-out>jQuery before 3.0.0 is vulnerable to Cross-site Scripting (XSS) attacks when a cross-domain Ajax request is performed without the dataType option, causing text/javascript responses to be executed.</system-out><system-err>location: /root/.m2/repository/org/apache/cassandra/deps/avro/1.4.0-cassandra-1/avro-1.4.0-cassandra-1.jar/org/apache/avro/ipc/stats/static/jquery-1.4.2.min.js</system-err></testcase><testcase classname="CVE-2019-11358" name="pkg:javascript/jquery@1.4.2.min"><failure message="cvssV3: MEDIUM, score: 6.1 (CVSS:3.1/AV:N/AC:L/PR:N/UI:R/S:C/C:L/I:L/A:N)"/><system-out>jQuery before 3.4.0, as used in Drupal, Backdrop CMS, and other products, mishandles jQuery.extend(true, {}, ...) because of Object.prototype pollution. If an unsanitized source object contained an enumerable __proto__ property, it could extend the native Object.prototype.</system-out><system-err>location: /root/.m2/repository/org/apache/cassandra/deps/avro/1.4.0-cassandra-1/avro-1.4.0-cassandra-1.jar/org/apache/avro/ipc/stats/static/jquery-1.4.2.min.js</system-err></testcase><testcase classname="CVE-2020-11022" name="pkg:javascript/jquery@1.4.2.min"><failure message="cvssV3: MEDIUM, score: 6.1 (CVSS:3.1/AV:N/AC:L/PR:N/UI:R/S:C/C:L/I:L/A:N)"/><system-out>In jQuery versions greater than or equal to 1.2 and before 3.5.0, passing HTML from untrusted sources - even after sanitizing it - to one of jQuery&apos;s DOM manipulation methods (i.e. .html(), .append(), and others) may execute untrusted code. This problem is patched in jQuery 3.5.0.</system-out><system-err>location: /root/.m2/repository/org/apache/cassandra/deps/avro/1.4.0-cassandra-1/avro-1.4.0-cassandra-1.jar/org/apache/avro/ipc/stats/static/jquery-1.4.2.min.js</system-err></testcase><testcase classname="CVE-2020-11023" name="pkg:javascript/jquery@1.4.2.min"><failure message="cvssV3: MEDIUM, score: 6.1 (CVSS:3.1/AV:N/AC:L/PR:N/UI:R/S:C/C:L/I:L/A:N)"/><system-out>In jQuery versions greater than or equal to 1.0.3 and before 3.5.0, passing HTML containing &lt;option&gt; elements from untrusted sources - even after sanitizing it - to one of jQuery&apos;s DOM manipulation methods (i.e. .html(), .append(), and others) may execute untrusted code. This problem is patched in jQuery 3.5.0.</system-out><system-err>location: /root/.m2/repository/org/apache/cassandra/deps/avro/1.4.0-cassandra-1/avro-1.4.0-cassandra-1.jar/org/apache/avro/ipc/stats/static/jquery-1.4.2.min.js</system-err></testcase></testsuite><testsuite failures="0" id="54" name="/root/.m2/repository/org/apache/avro/avro/1.9.2/avro-1.9.2.jar" package="avro-1.9.2.jar" skipped="0" tests="1" timestamp="2021-07-08T23:41:47.338"><testcase classname="dependency-check" name="avro-1.9.2.jar"/></testsuite><testsuite failures="0" id="55" name="/root/.m2/repository/org/apache/avro/avro-ipc/1.9.2/avro-ipc-1.9.2.jar/org/apache/avro/ipc/stats/static/avro.js" package="avro-ipc-1.9.2.jar: avro.js" skipped="0" tests="1" timestamp="2021-07-08T23:41:47.338"><testcase classname="dependency-check" name="avro-ipc-1.9.2.jar: avro.js"/></testsuite><testsuite failures="0" id="56" name="/root/.m2/repository/org/apache/avro/avro-ipc/1.9.2/avro-ipc-1.9.2.jar/org/apache/avro/ipc/stats/static/g.bar.js" package="avro-ipc-1.9.2.jar: g.bar.js" skipped="0" tests="1" timestamp="2021-07-08T23:41:47.338"><testcase classname="dependency-check" name="avro-ipc-1.9.2.jar: g.bar.js"/></testsuite><testsuite failures="6" id="57" name="/root/.m2/repository/org/apache/avro/avro-ipc/1.9.2/avro-ipc-1.9.2.jar/org/apache/avro/ipc/stats/static/jquery-1.4.2.min.js" package="avro-ipc-1.9.2.jar: jquery-1.4.2.min.js" skipped="0" tests="6" timestamp="2021-07-08T23:41:47.338"><testcase classname="CVE-2011-4969" name="pkg:javascript/jquery@1.4.2.min"><failure message="cvssV2: MEDIUM, score: 4.3 (/AV:N/AC:M/Au:N/C:N/I:P/A:N)"/><system-out>Cross-site scripting (XSS) vulnerability in jQuery before 1.6.3, when using location.hash to select elements, allows remote attackers to inject arbitrary web script or HTML via a crafted tag.</system-out><system-err>location: /root/.m2/repository/org/apache/avro/avro-ipc/1.9.2/avro-ipc-1.9.2.jar/org/apache/avro/ipc/stats/static/jquery-1.4.2.min.js</system-err></testcase><testcase classname="CVE-2012-6708" name="pkg:javascript/jquery@1.4.2.min"><failure message="cvssV3: MEDIUM, score: 6.1 (CVSS:3.0/AV:N/AC:L/PR:N/UI:R/S:C/C:L/I:L/A:N)"/><system-out>jQuery before 1.9.0 is vulnerable to Cross-site Scripting (XSS) attacks. The jQuery(strInput) function does not differentiate selectors from HTML in a reliable fashion. In vulnerable versions, jQuery determined whether the input was HTML by looking for the &apos;&lt;&apos; character anywhere in the string, giving attackers more flexibility when attempting to construct a malicious payload. In fixed versions, jQuery only deems the input to be HTML if it explicitly starts with the &apos;&lt;&apos; character, limiting exploitability only to attackers who can control the beginning of a string, which is far less common.</system-out><system-err>location: /root/.m2/repository/org/apache/avro/avro-ipc/1.9.2/avro-ipc-1.9.2.jar/org/apache/avro/ipc/stats/static/jquery-1.4.2.min.js</system-err></testcase><testcase classname="CVE-2015-9251" name="pkg:javascript/jquery@1.4.2.min"><failure message="cvssV3: MEDIUM, score: 6.1 (CVSS:3.0/AV:N/AC:L/PR:N/UI:R/S:C/C:L/I:L/A:N)"/><system-out>jQuery before 3.0.0 is vulnerable to Cross-site Scripting (XSS) attacks when a cross-domain Ajax request is performed without the dataType option, causing text/javascript responses to be executed.</system-out><system-err>location: /root/.m2/repository/org/apache/avro/avro-ipc/1.9.2/avro-ipc-1.9.2.jar/org/apache/avro/ipc/stats/static/jquery-1.4.2.min.js</system-err></testcase><testcase classname="CVE-2019-11358" name="pkg:javascript/jquery@1.4.2.min"><failure message="cvssV3: MEDIUM, score: 6.1 (CVSS:3.1/AV:N/AC:L/PR:N/UI:R/S:C/C:L/I:L/A:N)"/><system-out>jQuery before 3.4.0, as used in Drupal, Backdrop CMS, and other products, mishandles jQuery.extend(true, {}, ...) because of Object.prototype pollution. If an unsanitized source object contained an enumerable __proto__ property, it could extend the native Object.prototype.</system-out><system-err>location: /root/.m2/repository/org/apache/avro/avro-ipc/1.9.2/avro-ipc-1.9.2.jar/org/apache/avro/ipc/stats/static/jquery-1.4.2.min.js</system-err></testcase><testcase classname="CVE-2020-11022" name="pkg:javascript/jquery@1.4.2.min"><failure message="cvssV3: MEDIUM, score: 6.1 (CVSS:3.1/AV:N/AC:L/PR:N/UI:R/S:C/C:L/I:L/A:N)"/><system-out>In jQuery versions greater than or equal to 1.2 and before 3.5.0, passing HTML from untrusted sources - even after sanitizing it - to one of jQuery&apos;s DOM manipulation methods (i.e. .html(), .append(), and others) may execute untrusted code. This problem is patched in jQuery 3.5.0.</system-out><system-err>location: /root/.m2/repository/org/apache/avro/avro-ipc/1.9.2/avro-ipc-1.9.2.jar/org/apache/avro/ipc/stats/static/jquery-1.4.2.min.js</system-err></testcase><testcase classname="CVE-2020-11023" name="pkg:javascript/jquery@1.4.2.min"><failure message="cvssV3: MEDIUM, score: 6.1 (CVSS:3.1/AV:N/AC:L/PR:N/UI:R/S:C/C:L/I:L/A:N)"/><system-out>In jQuery versions greater than or equal to 1.0.3 and before 3.5.0, passing HTML containing &lt;option&gt; elements from untrusted sources - even after sanitizing it - to one of jQuery&apos;s DOM manipulation methods (i.e. .html(), .append(), and others) may execute untrusted code. This problem is patched in jQuery 3.5.0.</system-out><system-err>location: /root/.m2/repository/org/apache/avro/avro-ipc/1.9.2/avro-ipc-1.9.2.jar/org/apache/avro/ipc/stats/static/jquery-1.4.2.min.js</system-err></testcase></testsuite><testsuite failures="0" id="58" name="/root/.m2/repository/org/apache/avro/avro-ipc/1.9.2/avro-ipc-1.9.2.jar/org/apache/avro/ipc/stats/static/jquery.tipsy.js" package="avro-ipc-1.9.2.jar: jquery.tipsy.js" skipped="0" tests="1" timestamp="2021-07-08T23:41:47.338"><testcase classname="dependency-check" name="avro-ipc-1.9.2.jar: jquery.tipsy.js"/></testsuite><testsuite failures="0" id="59" name="/root/.m2/repository/org/apache/avro/avro-ipc/1.9.2/avro-ipc-1.9.2.jar/org/apache/avro/ipc/stats/static/protovis-r3.2.js" package="avro-ipc-1.9.2.jar: protovis-r3.2.js" skipped="0" tests="1" timestamp="2021-07-08T23:41:47.338"><testcase classname="dependency-check" name="avro-ipc-1.9.2.jar: protovis-r3.2.js"/></testsuite><testsuite failures="0" id="60" name="/root/.m2/repository/org/apache/avro/avro-ipc/1.9.2/avro-ipc-1.9.2.jar/org/apache/avro/ipc/stats/static/tipsy.js" package="avro-ipc-1.9.2.jar: tipsy.js" skipped="0" tests="1" timestamp="2021-07-08T23:41:47.338"><testcase classname="dependency-check" name="avro-ipc-1.9.2.jar: tipsy.js"/></testsuite><testsuite failures="0" id="61" name="/root/.m2/repository/org/apache/avro/avro-ipc-jetty/1.9.2/avro-ipc-jetty-1.9.2.jar" package="avro-ipc-jetty-1.9.2.jar" skipped="0" tests="1" timestamp="2021-07-08T23:41:47.338"><testcase classname="dependency-check" name="avro-ipc-jetty-1.9.2.jar"/></testsuite><testsuite failures="0" id="62" name="/root/.m2/repository/com/amazonaws/aws-java-sdk-core/1.11.884/aws-java-sdk-core-1.11.884.jar" package="aws-java-sdk-core-1.11.884.jar" skipped="0" tests="1" timestamp="2021-07-08T23:41:47.338"><testcase classname="dependency-check" name="aws-java-sdk-core-1.11.884.jar"/></testsuite><testsuite failures="0" id="63" name="/root/.m2/repository/com/amazonaws/aws-java-sdk-ec2/1.11.884/aws-java-sdk-ec2-1.11.884.jar" package="aws-java-sdk-ec2-1.11.884.jar" skipped="0" tests="1" timestamp="2021-07-08T23:41:47.338"><testcase classname="dependency-check" name="aws-java-sdk-ec2-1.11.884.jar"/></testsuite><testsuite failures="0" id="64" name="/root/.m2/repository/com/amazonaws/aws-java-sdk-kinesis/1.11.884/aws-java-sdk-kinesis-1.11.884.jar" package="aws-java-sdk-kinesis-1.11.884.jar" skipped="0" tests="1" timestamp="2021-07-08T23:41:47.338"><testcase classname="dependency-check" name="aws-java-sdk-kinesis-1.11.884.jar"/></testsuite><testsuite failures="0" id="65" name="/root/.m2/repository/com/amazonaws/aws-java-sdk-kms/1.11.884/aws-java-sdk-kms-1.11.884.jar" package="aws-java-sdk-kms-1.11.884.jar" skipped="0" tests="1" timestamp="2021-07-08T23:41:47.338"><testcase classname="dependency-check" name="aws-java-sdk-kms-1.11.884.jar"/></testsuite><testsuite failures="0" id="66" name="/root/.m2/repository/com/amazonaws/aws-java-sdk-rds/1.11.884/aws-java-sdk-rds-1.11.884.jar" package="aws-java-sdk-rds-1.11.884.jar" skipped="0" tests="1" timestamp="2021-07-08T23:41:47.338"><testcase classname="dependency-check" name="aws-java-sdk-rds-1.11.884.jar"/></testsuite><testsuite failures="0" id="67" name="/root/.m2/repository/com/amazonaws/aws-java-sdk-s3/1.11.884/aws-java-sdk-s3-1.11.884.jar" package="aws-java-sdk-s3-1.11.884.jar" skipped="0" tests="1" timestamp="2021-07-08T23:41:47.338"><testcase classname="dependency-check" name="aws-java-sdk-s3-1.11.884.jar"/></testsuite><testsuite failures="0" id="68" name="/root/.m2/repository/com/amazonaws/aws-java-sdk-sts/1.11.884/aws-java-sdk-sts-1.11.884.jar" package="aws-java-sdk-sts-1.11.884.jar" skipped="0" tests="1" timestamp="2021-07-08T23:41:47.338"><testcase classname="dependency-check" name="aws-java-sdk-sts-1.11.884.jar"/></testsuite><testsuite failures="0" id="69" name="/root/.m2/repository/com/microsoft/azure/azure-keyvault-core/1.0.0/azure-keyvault-core-1.0.0.jar" package="azure-keyvault-core-1.0.0.jar" skipped="0" tests="1" timestamp="2021-07-08T23:41:47.338"><testcase classname="dependency-check" name="azure-keyvault-core-1.0.0.jar"/></testsuite><testsuite failures="0" id="70" name="/root/.m2/repository/com/microsoft/azure/azure-storage/8.6.0/azure-storage-8.6.0.jar" package="azure-storage-8.6.0.jar" skipped="0" tests="1" timestamp="2021-07-08T23:41:47.338"><testcase classname="dependency-check" name="azure-storage-8.6.0.jar"/></testsuite><testsuite failures="0" id="71" name="/root/.m2/repository/org/bouncycastle/bcpkix-jdk15on/1.66/bcpkix-jdk15on-1.66.jar" package="bcpkix-jdk15on-1.66.jar" skipped="0" tests="1" timestamp="2021-07-08T23:41:47.338"><testcase classname="dependency-check" name="bcpkix-jdk15on-1.66.jar"/></testsuite><testsuite failures="0" id="72" name="/root/.m2/repository/org/bouncycastle/bcprov-ext-jdk15on/1.68/bcprov-ext-jdk15on-1.68.jar" package="bcprov-ext-jdk15on-1.68.jar" skipped="0" tests="1" timestamp="2021-07-08T23:41:47.338"><testcase classname="dependency-check" name="bcprov-ext-jdk15on-1.68.jar"/></testsuite><testsuite failures="0" id="73" name="/root/.m2/repository/org/bouncycastle/bcprov-jdk15on/1.68/bcprov-jdk15on-1.68.jar" package="bcprov-jdk15on-1.68.jar" skipped="0" tests="1" timestamp="2021-07-08T23:41:47.338"><testcase classname="dependency-check" name="bcprov-jdk15on-1.68.jar"/></testsuite><testsuite failures="0" id="74" name="/root/.m2/repository/com/github/vladimir-bukhtoyarov/bucket4j-core/4.10.0/bucket4j-core-4.10.0.jar" package="bucket4j-core-4.10.0.jar" skipped="0" tests="1" timestamp="2021-07-08T23:41:47.338"><testcase classname="dependency-check" name="bucket4j-core-4.10.0.jar"/></testsuite><testsuite failures="0" id="75" name="/root/.m2/repository/io/sundr/builder-annotations/0.22.0/builder-annotations-0.22.0.jar" package="builder-annotations-0.22.0.jar" skipped="0" tests="1" timestamp="2021-07-08T23:41:47.338"><testcase classname="dependency-check" name="builder-annotations-0.22.0.jar"/></testsuite><testsuite failures="0" id="76" name="/root/.m2/repository/com/github/ben-manes/caffeine/caffeine/2.8.0/caffeine-2.8.0.jar" package="caffeine-2.8.0.jar" skipped="0" tests="1" timestamp="2021-07-08T23:41:47.338"><testcase classname="dependency-check" name="caffeine-2.8.0.jar"/></testsuite><testsuite failures="1" id="77" name="/root/.m2/repository/org/apache/calcite/calcite-core/1.21.0/calcite-core-1.21.0.jar" package="calcite-core-1.21.0.jar" skipped="0" tests="1" timestamp="2021-07-08T23:41:47.338"><testcase classname="CVE-2020-13955" name="pkg:maven/org.apache.calcite/calcite-core@1.21.0"><failure message="cvssV3: MEDIUM, score: 5.9 (CVSS:3.1/AV:N/AC:H/PR:N/UI:N/S:U/C:H/I:N/A:N)"/><system-out>HttpUtils#getURLConnection method disables explicitly hostname verification for HTTPS connections making clients vulnerable to man-in-the-middle attacks. Calcite uses internally this method to connect with Druid and Splunk so information leakage may happen when using the respective Calcite adapters. The method itself is in a utility class so people may use it to create vulnerable HTTPS connections for other applications. From Apache Calcite 1.26 onwards, the hostname verification will be performed using the default JVM truststore.</system-out><system-err>location: /root/.m2/repository/org/apache/calcite/calcite-core/1.21.0/calcite-core-1.21.0.jar</system-err></testcase></testsuite><testsuite failures="1" id="78" name="/root/.m2/repository/org/apache/cassandra/cassandra-all/1.0.8/cassandra-all-1.0.8.jar" package="cassandra-all-1.0.8.jar" skipped="0" tests="1" timestamp="2021-07-08T23:41:47.338"><testcase classname="CVE-2020-13946" name="pkg:maven/org.apache.cassandra/cassandra-all@1.0.8"><failure message="cvssV3: MEDIUM, score: 5.9 (CVSS:3.1/AV:N/AC:H/PR:N/UI:N/S:U/C:H/I:N/A:N)"/><system-out>In Apache Cassandra, all versions prior to 2.1.22, 2.2.18, 3.0.22, 3.11.8 and 4.0-beta2, it is possible for a local attacker without access to the Apache Cassandra process or configuration files to manipulate the RMI registry to perform a man-in-the-middle attack and capture user names and passwords used to access the JMX interface. The attacker can then use these credentials to access the JMX interface and perform unauthorised operations. Users should also be aware of CVE-2019-2684, a JRE vulnerability that enables this issue to be exploited remotely.</system-out><system-err>location: /root/.m2/repository/org/apache/cassandra/cassandra-all/1.0.8/cassandra-all-1.0.8.jar</system-err></testcase></testsuite><testsuite failures="0" id="79" name="/root/.m2/repository/org/apache/cassandra/cassandra-thrift/1.0.8/cassandra-thrift-1.0.8.jar" package="cassandra-thrift-1.0.8.jar" skipped="0" tests="1" timestamp="2021-07-08T23:41:47.338"><testcase classname="dependency-check" name="cassandra-thrift-1.0.8.jar"/></testsuite><testsuite failures="0" id="80" name="/root/.m2/repository/org/checkerframework/checker-qual/2.5.7/checker-qual-2.5.7.jar" package="checker-qual-2.5.7.jar" skipped="0" tests="1" timestamp="2021-07-08T23:41:47.338"><testcase classname="dependency-check" name="checker-qual-2.5.7.jar"/></testsuite><testsuite failures="0" id="81" name="/root/.m2/repository/com/fasterxml/classmate/1.1.0/classmate-1.1.0.jar" package="classmate-1.1.0.jar" skipped="0" tests="1" timestamp="2021-07-08T23:41:47.338"><testcase classname="dependency-check" name="classmate-1.1.0.jar"/></testsuite><testsuite failures="1" id="82" name="/root/.m2/repository/io/kubernetes/client-java/10.0.1/client-java-10.0.1.jar" package="client-java-10.0.1.jar" skipped="0" tests="1" timestamp="2021-07-08T23:41:47.338"><testcase classname="CVE-2020-8554" name="pkg:maven/io.kubernetes/client-java@10.0.1"><failure message="cvssV3: MEDIUM, score: 5.0 (CVSS:3.1/AV:N/AC:H/PR:L/UI:N/S:U/C:L/I:L/A:L)"/><system-out>Kubernetes API server in all versions allow an attacker who is able to create a ClusterIP service and set the spec.externalIPs field, to intercept traffic to that IP address. Additionally, an attacker who is able to patch the status (which is considered a privileged operation and should not typically be granted to users) of a LoadBalancer service can set the status.loadBalancer.ingress.ip to similar effect.</system-out><system-err>location: /root/.m2/repository/io/kubernetes/client-java/10.0.1/client-java-10.0.1.jar</system-err></testcase></testsuite><testsuite failures="0" id="83" name="/root/.m2/repository/io/confluent/common-config/5.5.1/common-config-5.5.1.jar" package="common-config-5.5.1.jar" skipped="0" tests="1" timestamp="2021-07-08T23:41:47.338"><testcase classname="dependency-check" name="common-config-5.5.1.jar"/></testsuite><testsuite failures="0" id="84" name="/root/.m2/repository/io/confluent/common-utils/5.5.1/common-utils-5.5.1.jar" package="common-utils-5.5.1.jar" skipped="0" tests="1" timestamp="2021-07-08T23:41:47.338"><testcase classname="dependency-check" name="common-utils-5.5.1.jar"/></testsuite><testsuite failures="0" id="85" name="/root/.m2/repository/io/confluent/common-utils/6.0.1/common-utils-6.0.1.jar" package="common-utils-6.0.1.jar" skipped="0" tests="1" timestamp="2021-07-08T23:41:47.338"><testcase classname="dependency-check" name="common-utils-6.0.1.jar"/></testsuite><testsuite failures="0" id="86" name="/root/.m2/repository/org/eclipse/persistence/commonj.sdo/2.1.1/commonj.sdo-2.1.1.jar" package="commonj.sdo-2.1.1.jar" skipped="0" tests="1" timestamp="2021-07-08T23:41:47.338"><testcase classname="dependency-check" name="commonj.sdo-2.1.1.jar"/></testsuite><testsuite failures="0" id="87" name="/root/.m2/repository/commons-beanutils/commons-beanutils/1.9.4/commons-beanutils-1.9.4.jar" package="commons-beanutils-1.9.4.jar" skipped="0" tests="1" timestamp="2021-07-08T23:41:47.338"><testcase classname="dependency-check" name="commons-beanutils-1.9.4.jar"/></testsuite><testsuite failures="0" id="88" name="/root/.m2/repository/commons-codec/commons-codec/1.13/commons-codec-1.13.jar" package="commons-codec-1.13.jar" skipped="0" tests="1" timestamp="2021-07-08T23:41:47.338"><testcase classname="dependency-check" name="commons-codec-1.13.jar"/></testsuite><testsuite failures="0" id="89" name="/root/.m2/repository/commons-collections/commons-collections/3.2.2/commons-collections-3.2.2.jar" package="commons-collections-3.2.2.jar" skipped="0" tests="1" timestamp="2021-07-08T23:41:47.338"><testcase classname="dependency-check" name="commons-collections-3.2.2.jar"/></testsuite><testsuite failures="0" id="90" name="/root/.m2/repository/org/apache/commons/commons-collections4/4.2/commons-collections4-4.2.jar" package="commons-collections4-4.2.jar" skipped="0" tests="1" timestamp="2021-07-08T23:41:47.338"><testcase classname="dependency-check" name="commons-collections4-4.2.jar"/></testsuite><testsuite failures="0" id="91" name="/root/.m2/repository/org/codehaus/janino/commons-compiler/3.0.11/commons-compiler-3.0.11.jar" package="commons-compiler-3.0.11.jar" skipped="0" tests="1" timestamp="2021-07-08T23:41:47.338"><testcase classname="dependency-check" name="commons-compiler-3.0.11.jar"/></testsuite><testsuite failures="0" id="92" name="/root/.m2/repository/org/apache/commons/commons-compress/1.19/commons-compress-1.19.jar" package="commons-compress-1.19.jar" skipped="0" tests="1" timestamp="2021-07-08T23:41:47.338"><testcase classname="dependency-check" name="commons-compress-1.19.jar"/></testsuite><testsuite failures="0" id="93" name="/root/.m2/repository/commons-configuration/commons-configuration/1.6/commons-configuration-1.6.jar" package="commons-configuration-1.6.jar" skipped="0" tests="1" timestamp="2021-07-08T23:41:47.338"><testcase classname="dependency-check" name="commons-configuration-1.6.jar"/></testsuite><testsuite failures="0" id="94" name="/root/.m2/repository/org/apache/commons/commons-dbcp2/2.0.1/commons-dbcp2-2.0.1.jar" package="commons-dbcp2-2.0.1.jar" skipped="0" tests="1" timestamp="2021-07-08T23:41:47.338"><testcase classname="dependency-check" name="commons-dbcp2-2.0.1.jar"/></testsuite><testsuite failures="0" id="95" name="/root/.m2/repository/commons-digester/commons-digester/1.8/commons-digester-1.8.jar" package="commons-digester-1.8.jar" skipped="0" tests="1" timestamp="2021-07-08T23:41:47.338"><testcase classname="dependency-check" name="commons-digester-1.8.jar"/></testsuite><testsuite failures="1" id="96" name="/root/.m2/repository/commons-io/commons-io/2.6/commons-io-2.6.jar" package="commons-io-2.6.jar" skipped="0" tests="1" timestamp="2021-07-08T23:41:47.338"><testcase classname="CVE-2021-29425" name="pkg:maven/commons-io/commons-io@2.6"><failure message="cvssV3: MEDIUM, score: 5.3 (CVSS:3.1/AV:N/AC:L/PR:N/UI:N/S:U/C:L/I:N/A:N)"/><system-out>In Apache Commons IO before 2.7, When invoking the method FileNameUtils.normalize with an improper input string, like &quot;//../foo&quot;, or &quot;\\..\foo&quot;, the result would be the same value, thus possibly providing access to files in the parent directory, but not further above (thus &quot;limited&quot; path traversal), if the calling code would use the result to construct a path value.</system-out><system-err>location: /root/.m2/repository/commons-io/commons-io/2.6/commons-io-2.6.jar</system-err></testcase></testsuite><testsuite failures="0" id="97" name="/root/.m2/repository/commons-lang/commons-lang/2.6/commons-lang-2.6.jar" package="commons-lang-2.6.jar" skipped="0" tests="1" timestamp="2021-07-08T23:41:47.338"><testcase classname="dependency-check" name="commons-lang-2.6.jar"/></testsuite><testsuite failures="0" id="98" name="/root/.m2/repository/org/apache/commons/commons-lang3/3.8.1/commons-lang3-3.8.1.jar" package="commons-lang3-3.8.1.jar" skipped="0" tests="1" timestamp="2021-07-08T23:41:47.338"><testcase classname="dependency-check" name="commons-lang3-3.8.1.jar"/></testsuite><testsuite failures="0" id="99" name="/root/.m2/repository/commons-logging/commons-logging/1.1.1/commons-logging-1.1.1.jar" package="commons-logging-1.1.1.jar" skipped="0" tests="1" timestamp="2021-07-08T23:41:47.338"><testcase classname="dependency-check" name="commons-logging-1.1.1.jar"/></testsuite><testsuite failures="0" id="100" name="/root/.m2/repository/org/apache/commons/commons-math3/3.6.1/commons-math3-3.6.1.jar" package="commons-math3-3.6.1.jar" skipped="0" tests="1" timestamp="2021-07-08T23:41:47.338"><testcase classname="dependency-check" name="commons-math3-3.6.1.jar"/></testsuite><testsuite failures="0" id="101" name="/root/.m2/repository/commons-net/commons-net/3.6/commons-net-3.6.jar" package="commons-net-3.6.jar" skipped="0" tests="1" timestamp="2021-07-08T23:41:47.338"><testcase classname="dependency-check" name="commons-net-3.6.jar"/></testsuite><testsuite failures="0" id="102" name="/root/.m2/repository/org/apache/commons/commons-pool2/2.2/commons-pool2-2.2.jar" package="commons-pool2-2.2.jar" skipped="0" tests="1" timestamp="2021-07-08T23:41:47.338"><testcase classname="dependency-check" name="commons-pool2-2.2.jar"/></testsuite><testsuite failures="0" id="103" name="/root/.m2/repository/org/apache/commons/commons-pool2/2.4.2/commons-pool2-2.4.2.jar" package="commons-pool2-2.4.2.jar" skipped="0" tests="1" timestamp="2021-07-08T23:41:47.338"><testcase classname="dependency-check" name="commons-pool2-2.4.2.jar"/></testsuite><testsuite failures="0" id="104" name="/root/.m2/repository/org/apache/commons/commons-text/1.3/commons-text-1.3.jar" package="commons-text-1.3.jar" skipped="0" tests="1" timestamp="2021-07-08T23:41:47.338"><testcase classname="dependency-check" name="commons-text-1.3.jar"/></testsuite><testsuite failures="0" id="105" name="/root/.m2/repository/com/ning/compress-lzf/1.0.4/compress-lzf-1.0.4.jar" package="compress-lzf-1.0.4.jar" skipped="0" tests="1" timestamp="2021-07-08T23:41:47.338"><testcase classname="dependency-check" name="compress-lzf-1.0.4.jar"/></testsuite><testsuite failures="0" id="106" name="/root/.m2/repository/com/googlecode/concurrentlinkedhashmap/concurrentlinkedhashmap-lru/1.2/concurrentlinkedhashmap-lru-1.2.jar" package="concurrentlinkedhashmap-lru-1.2.jar" skipped="0" tests="1" timestamp="2021-07-08T23:41:47.338"><testcase classname="dependency-check" name="concurrentlinkedhashmap-lru-1.2.jar"/></testsuite><testsuite failures="0" id="107" name="/root/.m2/repository/org/skife/config/config-magic/0.9/config-magic-0.9.jar" package="config-magic-0.9.jar" skipped="0" tests="1" timestamp="2021-07-08T23:41:47.338"><testcase classname="dependency-check" name="config-magic-0.9.jar"/></testsuite><testsuite failures="3" id="108" name="/root/.m2/repository/io/timeandspace/cron-scheduler/0.1/cron-scheduler-0.1.jar" package="cron-scheduler-0.1.jar" skipped="0" tests="3" timestamp="2021-07-08T23:41:47.338"><testcase classname="CVE-2017-9525" name="pkg:maven/io.timeandspace/cron-scheduler@0.1"><failure message="cvssV3: MEDIUM, score: 6.7 (CVSS:3.0/AV:L/AC:L/PR:H/UI:N/S:U/C:H/I:H/A:H)"/><system-out>In the cron package through 3.0pl1-128 on Debian, and through 3.0pl1-128ubuntu2 on Ubuntu, the postinst maintainer script allows for group-crontab-to-root privilege escalation via symlink attacks against unsafe usage of the chown and chmod programs.</system-out><system-err>location: /root/.m2/repository/io/timeandspace/cron-scheduler/0.1/cron-scheduler-0.1.jar</system-err></testcase><testcase classname="CVE-2019-9704" name="pkg:maven/io.timeandspace/cron-scheduler@0.1"><failure message="cvssV3: MEDIUM, score: 5.5 (CVSS:3.0/AV:L/AC:L/PR:L/UI:N/S:U/C:N/I:N/A:H)"/><system-out>Vixie Cron before the 3.0pl1-133 Debian package allows local users to cause a denial of service (daemon crash) via a large crontab file because the calloc return value is not checked.</system-out><system-err>location: /root/.m2/repository/io/timeandspace/cron-scheduler/0.1/cron-scheduler-0.1.jar</system-err></testcase><testcase classname="CVE-2019-9705" name="pkg:maven/io.timeandspace/cron-scheduler@0.1"><failure message="cvssV3: MEDIUM, score: 5.5 (CVSS:3.0/AV:L/AC:L/PR:L/UI:N/S:U/C:N/I:N/A:H)"/><system-out>Vixie Cron before the 3.0pl1-133 Debian package allows local users to cause a denial of service (memory consumption) via a large crontab file because an unlimited number of lines is accepted.</system-out><system-err>location: /root/.m2/repository/io/timeandspace/cron-scheduler/0.1/cron-scheduler-0.1.jar</system-err></testcase></testsuite><testsuite failures="1" id="109" name="/root/temp2/druid/web-console/package-lock.json?css-what" package="css-what:2.1.3" skipped="0" tests="1" timestamp="2021-07-08T23:41:47.338"><testcase classname="1754" name="pkg:npm/css-what@2.1.3"><failure message="unscored severity: high"/><system-out>`css-what` before 5.0.1 does not ensure that attribute parsing has Linear Time Complexity relative to the size of the input.</system-out><system-err>location: /root/temp2/druid/web-console/package-lock.json?css-what</system-err></testcase></testsuite><testsuite failures="0" id="110" name="/root/.m2/repository/org/apache/curator/curator-client/4.3.0/curator-client-4.3.0.jar/META-INF/maven/com.google.guava/failureaccess/pom.xml" package="curator-client-4.3.0.jar (shaded: com.google.guava:failureaccess:1.0.1)" skipped="0" tests="1" timestamp="2021-07-08T23:41:47.338"><testcase classname="dependency-check" name="curator-client-4.3.0.jar (shaded: com.google.guava:failureaccess:1.0.1)"/></testsuite><testsuite failures="0" id="111" name="/root/.m2/repository/org/apache/curator/curator-client/4.3.0/curator-client-4.3.0.jar/META-INF/maven/com.google.guava/listenablefuture/pom.xml" package="curator-client-4.3.0.jar (shaded: com.google.guava:listenablefuture:1.0)" skipped="0" tests="1" timestamp="2021-07-08T23:41:47.338"><testcase classname="dependency-check" name="curator-client-4.3.0.jar (shaded: com.google.guava:listenablefuture:1.0)"/></testsuite><testsuite failures="0" id="112" name="/root/.m2/repository/org/apache/curator/curator-client/4.3.0/curator-client-4.3.0.jar" package="curator-client-4.3.0.jar" skipped="0" tests="1" timestamp="2021-07-08T23:41:47.338"><testcase classname="dependency-check" name="curator-client-4.3.0.jar"/></testsuite><testsuite failures="0" id="113" name="/root/.m2/repository/org/apache/curator/curator-framework/4.3.0/curator-framework-4.3.0.jar" package="curator-framework-4.3.0.jar" skipped="0" tests="1" timestamp="2021-07-08T23:41:47.338"><testcase classname="dependency-check" name="curator-framework-4.3.0.jar"/></testsuite><testsuite failures="0" id="114" name="/root/.m2/repository/org/apache/curator/curator-recipes/4.3.0/curator-recipes-4.3.0.jar" package="curator-recipes-4.3.0.jar" skipped="0" tests="1" timestamp="2021-07-08T23:41:47.338"><testcase classname="dependency-check" name="curator-recipes-4.3.0.jar"/></testsuite><testsuite failures="0" id="115" name="/root/.m2/repository/org/apache/curator/curator-x-discovery/4.3.0/curator-x-discovery-4.3.0.jar" package="curator-x-discovery-4.3.0.jar" skipped="0" tests="1" timestamp="2021-07-08T23:41:47.338"><testcase classname="dependency-check" name="curator-x-discovery-4.3.0.jar"/></testsuite><testsuite failures="0" id="116" name="/root/.m2/repository/org/apache/datasketches/datasketches-java/2.0.0/datasketches-java-2.0.0.jar" package="datasketches-java-2.0.0.jar" skipped="0" tests="1" timestamp="2021-07-08T23:41:47.338"><testcase classname="dependency-check" name="datasketches-java-2.0.0.jar"/></testsuite><testsuite failures="0" id="117" name="/root/.m2/repository/org/apache/datasketches/datasketches-memory/1.3.0/datasketches-memory-1.3.0.jar" package="datasketches-memory-1.3.0.jar" skipped="0" tests="1" timestamp="2021-07-08T23:41:47.338"><testcase classname="dependency-check" name="datasketches-memory-1.3.0.jar"/></testsuite><testsuite failures="0" id="118" name="/root/.m2/repository/org/apache/derby/derby/10.14.2.0/derby-10.14.2.0.jar" package="derby-10.14.2.0.jar" skipped="0" tests="1" timestamp="2021-07-08T23:41:47.338"><testcase classname="dependency-check" name="derby-10.14.2.0.jar"/></testsuite><testsuite failures="0" id="119" name="/root/.m2/repository/org/apache/derby/derbyclient/10.14.2.0/derbyclient-10.14.2.0.jar" package="derbyclient-10.14.2.0.jar" skipped="0" tests="1" timestamp="2021-07-08T23:41:47.338"><testcase classname="dependency-check" name="derbyclient-10.14.2.0.jar"/></testsuite><testsuite failures="0" id="120" name="/root/.m2/repository/org/apache/derby/derbynet/10.14.2.0/derbynet-10.14.2.0.jar" package="derbynet-10.14.2.0.jar" skipped="0" tests="1" timestamp="2021-07-08T23:41:47.338"><testcase classname="dependency-check" name="derbynet-10.14.2.0.jar"/></testsuite><testsuite failures="0" id="121" name="/root/.m2/repository/com/lmax/disruptor/3.3.6/disruptor-3.3.6.jar" package="disruptor-3.3.6.jar" skipped="0" tests="1" timestamp="2021-07-08T23:41:47.338"><testcase classname="dependency-check" name="disruptor-3.3.6.jar"/></testsuite><testsuite failures="1" id="122" name="/root/temp2/druid/web-console/package-lock.json?dns-packet" package="dns-packet:1.3.1" skipped="0" tests="1" timestamp="2021-07-08T23:41:47.338"><testcase classname="1745" name="pkg:npm/dns-packet@1.3.1"><failure message="unscored severity: high"/><system-out>This affects the package `dns-packet` before versions 1.3.2 and 5.2.2. It creates buffers with allocUnsafe and does not always fill them before forming network packets. This can expose internal application memory over unencrypted network when querying crafted invalid domain names.</system-out><system-err>location: /root/temp2/druid/web-console/package-lock.json?dns-packet</system-err></testcase></testsuite><testsuite failures="0" id="123" name="/root/.m2/repository/org/eclipse/persistence/eclipselink/2.5.2/eclipselink-2.5.2.jar" package="eclipselink-2.5.2.jar" skipped="0" tests="1" timestamp="2021-07-08T23:41:47.338"><testcase classname="dependency-check" name="eclipselink-2.5.2.jar"/></testsuite><testsuite failures="0" id="124" name="/root/.m2/repository/com/twitter/elephantbird/elephant-bird-core/4.17/elephant-bird-core-4.17.jar" package="elephant-bird-core-4.17.jar" skipped="0" tests="1" timestamp="2021-07-08T23:41:47.338"><testcase classname="dependency-check" name="elephant-bird-core-4.17.jar"/></testsuite><testsuite failures="0" id="125" name="/root/.m2/repository/com/google/errorprone/error_prone_annotations/2.7.1/error_prone_annotations-2.7.1.jar" package="error_prone_annotations-2.7.1.jar" skipped="0" tests="1" timestamp="2021-07-08T23:41:47.338"><testcase classname="dependency-check" name="error_prone_annotations-2.7.1.jar"/></testsuite><testsuite failures="0" id="126" name="/root/.m2/repository/com/esri/geometry/esri-geometry-api/2.2.0/esri-geometry-api-2.2.0.jar" package="esri-geometry-api-2.2.0.jar" skipped="0" tests="1" timestamp="2021-07-08T23:41:47.338"><testcase classname="dependency-check" name="esri-geometry-api-2.2.0.jar"/></testsuite><testsuite failures="0" id="127" name="/root/.m2/repository/it/unimi/dsi/fastutil/8.5.4/fastutil-8.5.4.jar" package="fastutil-8.5.4.jar" skipped="0" tests="1" timestamp="2021-07-08T23:41:47.338"><testcase classname="dependency-check" name="fastutil-8.5.4.jar"/></testsuite><testsuite failures="0" id="128" name="/root/.m2/repository/it/unimi/dsi/fastutil-core/8.5.4/fastutil-core-8.5.4.jar" package="fastutil-core-8.5.4.jar" skipped="0" tests="1" timestamp="2021-07-08T23:41:47.338"><testcase classname="dependency-check" name="fastutil-core-8.5.4.jar"/></testsuite><testsuite failures="0" id="129" name="/root/.m2/repository/it/unimi/dsi/fastutil-extra/8.5.4/fastutil-extra-8.5.4.jar" package="fastutil-extra-8.5.4.jar" skipped="0" tests="1" timestamp="2021-07-08T23:41:47.338"><testcase classname="dependency-check" name="fastutil-extra-8.5.4.jar"/></testsuite><testsuite failures="0" id="130" name="/root/.m2/repository/com/kstruct/gethostname4j/0.0.2/gethostname4j-0.0.2.jar" package="gethostname4j-0.0.2.jar" skipped="0" tests="1" timestamp="2021-07-08T23:41:47.338"><testcase classname="dependency-check" name="gethostname4j-0.0.2.jar"/></testsuite><testsuite failures="1" id="131" name="/root/temp2/druid/web-console/package-lock.json?glob-parent" package="glob-parent:5.1.2" skipped="0" tests="1" timestamp="2021-07-08T23:41:47.338"><testcase classname="1751" name="pkg:npm/glob-parent@5.1.2"><failure message="unscored severity: moderate"/><system-out>`glob-parent` before 5.1.2 has a regular expression denial of service vulnerability. The enclosure regex used to check for strings ending in enclosure containing path separator.</system-out><system-err>location: /root/temp2/druid/web-console/package-lock.json?glob-parent</system-err></testcase></testsuite><testsuite failures="0" id="132" name="/root/.m2/repository/com/google/api-client/google-api-client/1.26.0/google-api-client-1.26.0.jar" package="google-api-client-1.26.0.jar" skipped="0" tests="1" timestamp="2021-07-08T23:41:47.338"><testcase classname="dependency-check" name="google-api-client-1.26.0.jar"/></testsuite><testsuite failures="0" id="133" name="/root/.m2/repository/com/google/apis/google-api-services-compute/v1-rev20190607-1.26.0/google-api-services-compute-v1-rev20190607-1.26.0.jar" package="google-api-services-compute-v1-rev20190607-1.26.0.jar" skipped="0" tests="1" timestamp="2021-07-08T23:41:47.338"><testcase classname="dependency-check" name="google-api-services-compute-v1-rev20190607-1.26.0.jar"/></testsuite><testsuite failures="0" id="134" name="/root/.m2/repository/com/google/apis/google-api-services-storage/v1-rev20190523-1.26.0/google-api-services-storage-v1-rev20190523-1.26.0.jar" package="google-api-services-storage-v1-rev20190523-1.26.0.jar" skipped="0" tests="1" timestamp="2021-07-08T23:41:47.338"><testcase classname="dependency-check" name="google-api-services-storage-v1-rev20190523-1.26.0.jar"/></testsuite><testsuite failures="0" id="135" name="/root/.m2/repository/com/google/http-client/google-http-client/1.26.0/google-http-client-1.26.0.jar" package="google-http-client-1.26.0.jar" skipped="0" tests="1" timestamp="2021-07-08T23:41:47.338"><testcase classname="dependency-check" name="google-http-client-1.26.0.jar"/></testsuite><testsuite failures="0" id="136" name="/root/.m2/repository/com/google/http-client/google-http-client-jackson2/1.26.0/google-http-client-jackson2-1.26.0.jar" package="google-http-client-jackson2-1.26.0.jar" skipped="0" tests="1" timestamp="2021-07-08T23:41:47.338"><testcase classname="dependency-check" name="google-http-client-jackson2-1.26.0.jar"/></testsuite><testsuite failures="1" id="137" name="/root/.m2/repository/com/google/oauth-client/google-oauth-client/1.26.0/google-oauth-client-1.26.0.jar" package="google-oauth-client-1.26.0.jar" skipped="0" tests="1" timestamp="2021-07-08T23:41:47.338"><testcase classname="CVE-2020-7692" name="pkg:maven/com.google.oauth-client/google-oauth-client@1.26.0"><failure message="cvssV3: CRITICAL, score: 9.1 (CVSS:3.1/AV:N/AC:L/PR:N/UI:N/S:U/C:H/I:H/A:N)"/><system-out>PKCE support is not implemented in accordance with the RFC for OAuth 2.0 for Native Apps. Without the use of PKCE, the authorization code returned by an authorization server is not enough to guarantee that the client that issued the initial authorization request is the one that will be authorized. An attacker is able to obtain the authorization code using a malicious app on the client-side and use it to gain authorization to the protected resource. This affects the package com.google.oauth-client:google-oauth-client before 1.31.0.</system-out><system-err>location: /root/.m2/repository/com/google/oauth-client/google-oauth-client/1.26.0/google-oauth-client-1.26.0.jar</system-err></testcase></testsuite><testsuite failures="0" id="138" name="/root/.m2/repository/com/google/code/gson/gson/2.2.2/gson-
[...]
solrj/7.7.1/solr-solrj-7.7.1.jar" package="solr-solrj-7.7.1.jar" skipped="0" tests="7" timestamp="2021-07-08T23:41:47.338"><testcase classname="CVE-2019-0193" name="pkg:maven/org.apache.solr/solr-solrj@7.7.1"><failure message="cvssV3: HIGH, score: 7.2 (CVSS:3.0/AV:N/AC:L/PR:H/UI:N/S:U/C:H/I:H/A:H)"/><system-out>In Apache Solr, the DataImportHandler, an optional but popular module to pull in data from databases and other sources, has a feature in which the whole DIH configuration can come from a request&apos;s &quot;dataConfig&quot; parameter. The debug mode of the DIH admin screen uses this to allow convenient debugging / development of a DIH config. Since a DIH config can contain scripts, this parameter is a security risk. Starting with version 8.2.0 of Solr, use of this parameter requires setting the Java System property &quot;enable.dih.dataConfigParam&quot; to true.</system-out><system-err>location: /root/.m2/repository/org/apache/solr/solr-solrj/7.7.1/solr-solrj-7.7.1.jar</system-err></testcase><testcase classname="CVE-2019-17558" name="pkg:maven/org.apache.solr/solr-solrj@7.7.1"><failure message="cvssV3: HIGH, score: 7.5 (CVSS:3.1/AV:N/AC:H/PR:L/UI:N/S:U/C:H/I:H/A:H)"/><system-out>Apache Solr 5.0.0 to Apache Solr 8.3.1 are vulnerable to a Remote Code Execution through the VelocityResponseWriter. A Velocity template can be provided through Velocity templates in a configset `velocity/` directory or as a parameter. A user defined configset could contain renderable, potentially malicious, templates. Parameter provided templates are disabled by default, but can be enabled by setting `params.resource.loader.enabled` by defining a response writer with that setting set to `true`. Defining a response writer requires configuration API access. Solr 8.4 removed the params resource loader entirely, and only enables the configset-provided template rendering when the configset is `trusted` (has been uploaded by an authenticated user).</system-out><system-err>location: /root/.m2/repository/org/apache/solr/solr-solrj/7.7.1/solr-solrj-7.7.1.jar</system-err></testcase><testcase classname="CVE-2020-13941" name="pkg:maven/org.apache.solr/solr-solrj@7.7.1"><failure message="cvssV3: HIGH, score: 8.8 (CVSS:3.1/AV:N/AC:L/PR:L/UI:N/S:U/C:H/I:H/A:H)"/><system-out>Reported in SOLR-14515 (private) and fixed in SOLR-14561 (public), released in Solr version 8.6.0. The Replication handler (https://lucene.apache.org/solr/guide/8_6/index-replication.html#http-api-commands-for-the-replicationhandler) allows commands backup, restore and deleteBackup. Each of these take a location parameter, which was not validated, i.e you could read/write to any location the solr user can access.</system-out><system-err>location: /root/.m2/repository/org/apache/solr/solr-solrj/7.7.1/solr-solrj-7.7.1.jar</system-err></testcase><testcase classname="CVE-2020-13957" name="pkg:maven/org.apache.solr/solr-solrj@7.7.1"><failure message="cvssV3: CRITICAL, score: 9.8 (CVSS:3.1/AV:N/AC:L/PR:N/UI:N/S:U/C:H/I:H/A:H)"/><system-out>Apache Solr versions 6.6.0 to 6.6.6, 7.0.0 to 7.7.3 and 8.0.0 to 8.6.2 prevents some features considered dangerous (which could be used for remote code execution) to be configured in a ConfigSet that&apos;s uploaded via API without authentication/authorization. The checks in place to prevent such features can be circumvented by using a combination of UPLOAD/CREATE actions.</system-out><system-err>location: /root/.m2/repository/org/apache/solr/solr-solrj/7.7.1/solr-solrj-7.7.1.jar</system-err></testcase><testcase classname="CVE-2021-27905" name="pkg:maven/org.apache.solr/solr-solrj@7.7.1"><failure message="cvssV3: CRITICAL, score: 9.8 (CVSS:3.1/AV:N/AC:L/PR:N/UI:N/S:U/C:H/I:H/A:H)"/><system-out>The ReplicationHandler (normally registered at &quot;/replication&quot; under a Solr core) in Apache Solr has a &quot;masterUrl&quot; (also &quot;leaderUrl&quot; alias) parameter that is used to designate another ReplicationHandler on another Solr core to replicate index data into the local core. To prevent a SSRF vulnerability, Solr ought to check these parameters against a similar configuration it uses for the &quot;shards&quot; parameter. Prior to this bug getting fixed, it did not. This problem affects essentially all Solr versions prior to it getting fixed in 8.8.2.</system-out><system-err>location: /root/.m2/repository/org/apache/solr/solr-solrj/7.7.1/solr-solrj-7.7.1.jar</system-err></testcase><testcase classname="CVE-2021-29262" name="pkg:maven/org.apache.solr/solr-solrj@7.7.1"><failure message="cvssV3: HIGH, score: 7.5 (CVSS:3.1/AV:N/AC:L/PR:N/UI:N/S:U/C:H/I:N/A:N)"/><system-out>When starting Apache Solr versions prior to 8.8.2, configured with the SaslZkACLProvider or VMParamsAllAndReadonlyDigestZkACLProvider and no existing security.json znode, if the optional read-only user is configured then Solr would not treat that node as a sensitive path and would allow it to be readable. Additionally, with any ZkACLProvider, if the security.json is already present, Solr will not automatically update the ACLs.</system-out><system-err>location: /root/.m2/repository/org/apache/solr/solr-solrj/7.7.1/solr-solrj-7.7.1.jar</system-err></testcase><testcase classname="CVE-2021-29943" name="pkg:maven/org.apache.solr/solr-solrj@7.7.1"><failure message="cvssV3: CRITICAL, score: 9.1 (CVSS:3.1/AV:N/AC:L/PR:N/UI:N/S:U/C:H/I:H/A:N)"/><system-out>When using ConfigurableInternodeAuthHadoopPlugin for authentication, Apache Solr versions prior to 8.8.2 would forward/proxy distributed requests using server credentials instead of original client credentials. This would result in incorrect authorization resolution on the receiving hosts.</system-out><system-err>location: /root/.m2/repository/org/apache/solr/solr-solrj/7.7.1/solr-solrj-7.7.1.jar</system-err></testcase></testsuite><testsuite failures="0" id="395" name="/root/.m2/repository/net/spy/spymemcached/2.12.3/spymemcached-2.12.3.jar" package="spymemcached-2.12.3.jar" skipped="0" tests="1" timestamp="2021-07-08T23:41:47.338"><testcase classname="dependency-check" name="spymemcached-2.12.3.jar"/></testsuite><testsuite failures="0" id="396" name="/root/.m2/repository/stax/stax-api/1.0.1/stax-api-1.0.1.jar" package="stax-api-1.0.1.jar" skipped="0" tests="1" timestamp="2021-07-08T23:41:47.338"><testcase classname="dependency-check" name="stax-api-1.0.1.jar"/></testsuite><testsuite failures="0" id="397" name="/root/.m2/repository/org/jvnet/staxex/stax-ex/1.8/stax-ex-1.8.jar" package="stax-ex-1.8.jar" skipped="0" tests="1" timestamp="2021-07-08T23:41:47.338"><testcase classname="dependency-check" name="stax-ex-1.8.jar"/></testsuite><testsuite failures="0" id="398" name="/root/.m2/repository/org/codehaus/woodstox/stax2-api/3.1.4/stax2-api-3.1.4.jar" package="stax2-api-3.1.4.jar" skipped="0" tests="1" timestamp="2021-07-08T23:41:47.338"><testcase classname="dependency-check" name="stax2-api-3.1.4.jar"/></testsuite><testsuite failures="0" id="399" name="/root/.m2/repository/org/antlr/stringtemplate/3.2/stringtemplate-3.2.jar" package="stringtemplate-3.2.jar" skipped="0" tests="1" timestamp="2021-07-08T23:41:47.338"><testcase classname="dependency-check" name="stringtemplate-3.2.jar"/></testsuite><testsuite failures="0" id="400" name="/root/.m2/repository/io/sundr/sundr-codegen/0.22.0/sundr-codegen-0.22.0.jar/META-INF/maven/com.github.javaparser/javaparser-core/pom.xml" package="sundr-codegen-0.22.0.jar (shaded: com.github.javaparser:javaparser-core:2.5.1)" skipped="0" tests="1" timestamp="2021-07-08T23:41:47.338"><testcase classname="dependency-check" name="sundr-codegen-0.22.0.jar (shaded: com.github.javaparser:javaparser-core:2.5.1)"/></testsuite><testsuite failures="0" id="401" name="/root/.m2/repository/io/sundr/sundr-codegen/0.22.0/sundr-codegen-0.22.0.jar/META-INF/maven/commons-lang/commons-lang/pom.xml" package="sundr-codegen-0.22.0.jar (shaded: commons-lang:commons-lang:2.4)" skipped="0" tests="1" timestamp="2021-07-08T23:41:47.338"><testcase classname="dependency-check" name="sundr-codegen-0.22.0.jar (shaded: commons-lang:commons-lang:2.4)"/></testsuite><testsuite failures="0" id="402" name="/root/.m2/repository/io/sundr/sundr-codegen/0.22.0/sundr-codegen-0.22.0.jar" package="sundr-codegen-0.22.0.jar" skipped="0" tests="1" timestamp="2021-07-08T23:41:47.338"><testcase classname="dependency-check" name="sundr-codegen-0.22.0.jar"/></testsuite><testsuite failures="0" id="403" name="/root/.m2/repository/io/sundr/sundr-codegen/0.22.0/sundr-codegen-0.22.0.jar/com/sun/tools/hat/resources/hat.js" package="sundr-codegen-0.22.0.jar: hat.js" skipped="0" tests="1" timestamp="2021-07-08T23:41:47.338"><testcase classname="dependency-check" name="sundr-codegen-0.22.0.jar: hat.js"/></testsuite><testsuite failures="0" id="404" name="/root/.m2/repository/io/sundr/sundr-codegen/0.22.0/sundr-codegen-0.22.0.jar/com/sun/tools/script/shell/init.js" package="sundr-codegen-0.22.0.jar: init.js" skipped="0" tests="1" timestamp="2021-07-08T23:41:47.338"><testcase classname="dependency-check" name="sundr-codegen-0.22.0.jar: init.js"/></testsuite><testsuite failures="0" id="405" name="/root/.m2/repository/io/sundr/sundr-codegen/0.22.0/sundr-codegen-0.22.0.jar/com/sun/tools/doclets/internal/toolkit/resources/script.js" package="sundr-codegen-0.22.0.jar: script.js" skipped="0" tests="1" timestamp="2021-07-08T23:41:47.338"><testcase classname="dependency-check" name="sundr-codegen-0.22.0.jar: script.js"/></testsuite><testsuite failures="0" id="406" name="/root/.m2/repository/io/sundr/sundr-core/0.22.0/sundr-core-0.22.0.jar" package="sundr-core-0.22.0.jar" skipped="0" tests="1" timestamp="2021-07-08T23:41:47.338"><testcase classname="dependency-check" name="sundr-core-0.22.0.jar"/></testsuite><testsuite failures="0" id="407" name="/root/.m2/repository/io/swagger/swagger-annotations/1.6.0/swagger-annotations-1.6.0.jar" package="swagger-annotations-1.6.0.jar" skipped="0" tests="1" timestamp="2021-07-08T23:41:47.338"><testcase classname="dependency-check" name="swagger-annotations-1.6.0.jar"/></testsuite><testsuite failures="0" id="408" name="/root/.m2/repository/io/swagger/swagger-annotations/1.6.2/swagger-annotations-1.6.2.jar" package="swagger-annotations-1.6.2.jar" skipped="0" tests="1" timestamp="2021-07-08T23:41:47.338"><testcase classname="dependency-check" name="swagger-annotations-1.6.2.jar"/></testsuite><testsuite failures="0" id="409" name="/root/.m2/repository/com/tdunning/t-digest/3.2/t-digest-3.2.jar" package="t-digest-3.2.jar" skipped="0" tests="1" timestamp="2021-07-08T23:41:47.338"><testcase classname="dependency-check" name="t-digest-3.2.jar"/></testsuite><testsuite failures="0" id="410" name="/root/.m2/repository/io/tesla/aether/tesla-aether/0.0.5/tesla-aether-0.0.5.jar" package="tesla-aether-0.0.5.jar" skipped="0" tests="1" timestamp="2021-07-08T23:41:47.338"><testcase classname="dependency-check" name="tesla-aether-0.0.5.jar"/></testsuite><testsuite failures="0" id="411" name="/root/.m2/repository/org/threeten/threeten-extra/1.5.0/threeten-extra-1.5.0.jar" package="threeten-extra-1.5.0.jar" skipped="0" tests="1" timestamp="2021-07-08T23:41:47.338"><testcase classname="dependency-check" name="threeten-extra-1.5.0.jar"/></testsuite><testsuite failures="1" id="412" name="/root/temp2/druid/web-console/package-lock.json?trim-newlines" package="trim-newlines:1.0.0" skipped="0" tests="1" timestamp="2021-07-08T23:41:47.338"><testcase classname="1753" name="pkg:npm/trim-newlines@1.0.0"><failure message="unscored severity: high"/><system-out>`trim-newlines` before 3.0.1 and 4.x before 4.0.1 for Node.js has an issue related to regular expression denial-of-service (ReDoS) for the .end() method.</system-out><system-err>location: /root/temp2/druid/web-console/package-lock.json?trim-newlines</system-err></testcase></testsuite><testsuite failures="0" id="413" name="/root/.m2/repository/org/glassfish/jaxb/txw2/2.3.1/txw2-2.3.1.jar" package="txw2-2.3.1.jar" skipped="0" tests="1" timestamp="2021-07-08T23:41:47.338"><testcase classname="dependency-check" name="txw2-2.3.1.jar"/></testsuite><testsuite failures="0" id="414" name="/root/.m2/repository/com/github/stephenc/eaio-uuid/uuid/3.2.0/uuid-3.2.0.jar" package="uuid-3.2.0.jar" skipped="0" tests="1" timestamp="2021-07-08T23:41:47.338"><testcase classname="dependency-check" name="uuid-3.2.0.jar"/></testsuite><testsuite failures="0" id="415" name="/root/.m2/repository/javax/validation/validation-api/1.1.0.Final/validation-api-1.1.0.Final.jar" package="validation-api-1.1.0.Final.jar" skipped="0" tests="1" timestamp="2021-07-08T23:41:47.338"><testcase classname="dependency-check" name="validation-api-1.1.0.Final.jar"/></testsuite><testsuite failures="0" id="416" name="/root/.m2/repository/io/vavr/vavr/0.10.2/vavr-0.10.2.jar" package="vavr-0.10.2.jar" skipped="0" tests="1" timestamp="2021-07-08T23:41:47.338"><testcase classname="dependency-check" name="vavr-0.10.2.jar"/></testsuite><testsuite failures="0" id="417" name="/root/.m2/repository/io/vavr/vavr-match/0.10.2/vavr-match-0.10.2.jar" package="vavr-match-0.10.2.jar" skipped="0" tests="1" timestamp="2021-07-08T23:41:47.338"><testcase classname="dependency-check" name="vavr-match-0.10.2.jar"/></testsuite><testsuite failures="1" id="418" name="/root/.m2/repository/org/apache/velocity/velocity-engine-core/2.2/velocity-engine-core-2.2.jar" package="velocity-engine-core-2.2.jar" skipped="0" tests="1" timestamp="2021-07-08T23:41:47.338"><testcase classname="CVE-2020-13936" name="pkg:maven/org.apache.velocity/velocity-engine-core@2.2"><failure message="cvssV3: HIGH, score: 8.8 (CVSS:3.1/AV:N/AC:L/PR:L/UI:N/S:U/C:H/I:H/A:H)"/><system-out>An attacker that is able to modify Velocity templates may execute arbitrary Java code or run arbitrary system commands with the same privileges as the account running the Servlet container. This applies to applications that allow untrusted users to upload/modify velocity templates running Apache Velocity Engine versions up to 2.2.</system-out><system-err>location: /root/.m2/repository/org/apache/velocity/velocity-engine-core/2.2/velocity-engine-core-2.2.jar</system-err></testcase></testsuite><testsuite failures="0" id="419" name="/root/.m2/repository/org/apache/maven/wagon/wagon-provider-api/2.4/wagon-provider-api-2.4.jar" package="wagon-provider-api-2.4.jar" skipped="0" tests="1" timestamp="2021-07-08T23:41:47.338"><testcase classname="dependency-check" name="wagon-provider-api-2.4.jar"/></testsuite><testsuite failures="0" id="420" name="/root/.m2/repository/org/codehaus/woodstox/woodstox-core-asl/4.4.1/woodstox-core-asl-4.4.1.jar" package="woodstox-core-asl-4.4.1.jar" skipped="0" tests="1" timestamp="2021-07-08T23:41:47.338"><testcase classname="dependency-check" name="woodstox-core-asl-4.4.1.jar"/></testsuite><testsuite failures="1" id="421" name="/root/temp2/druid/web-console/package-lock.json?ws" package="ws:7.4.4" skipped="0" tests="1" timestamp="2021-07-08T23:41:47.338"><testcase classname="1748" name="pkg:npm/ws@7.4.4"><failure message="unscored severity: moderate"/><system-out>In `ws` before versions 5.2.3, 6.2.2 and 7.4.6 there is a ReDOS vulnerability.

### Impact

A specially crafted value of the `Sec-Websocket-Protocol` header can be used to significantly slow down a ws server.

### Proof of concept

```js
for (const length of [1000, 2000, 4000, 8000, 16000, 32000]) {
  const value = &apos;b&apos; + &apos; &apos;.repeat(length) + &apos;x&apos;;
  const start = process.hrtime.bigint();

  value.trim().split(/ *, */);

  const end = process.hrtime.bigint();

  console.log(&apos;length = %d, time = %f ns&apos;, length, end - start);
}
```

### Patches

The vulnerability was fixed in ws@7.4.6 (https://github.com/websockets/ws/commit/00c425ec77993773d823f018f64a5c44e17023ff).

### Workarounds

In vulnerable versions of ws, the issue can be mitigated by reducing the maximum allowed length of the request headers using the [`--max-http-header-size=size`](https://nodejs.org/api/cli.html#cli_max_http_header_size_size) and/or the [`maxHeaderSize`](https://nodejs.org/api/http.html#http_http_createserver_options_requestlistener) options.

### Credits

The vulnerability was responsibly disclosed along with a fix in private by [Robert McLaughlin](https://github.com/robmcl4) from University of California, Santa Barbara.
</system-out><system-err>location: /root/temp2/druid/web-console/package-lock.json?ws</system-err></testcase></testsuite><testsuite failures="0" id="422" name="/root/.m2/repository/xmlenc/xmlenc/0.52/xmlenc-0.52.jar" package="xmlenc-0.52.jar" skipped="0" tests="1" timestamp="2021-07-08T23:41:47.338"><testcase classname="dependency-check" name="xmlenc-0.52.jar"/></testsuite><testsuite failures="0" id="423" name="/root/.m2/repository/org/tukaani/xz/1.8/xz-1.8.jar" package="xz-1.8.jar" skipped="0" tests="1" timestamp="2021-07-08T23:41:47.338"><testcase classname="dependency-check" name="xz-1.8.jar"/></testsuite><testsuite failures="0" id="424" name="/root/.m2/repository/com/flipkart/zjsonpatch/zjsonpatch/0.4.11/zjsonpatch-0.4.11.jar" package="zjsonpatch-0.4.11.jar" skipped="0" tests="1" timestamp="2021-07-08T23:41:47.338"><testcase classname="dependency-check" name="zjsonpatch-0.4.11.jar"/></testsuite><testsuite failures="0" id="425" name="/root/.m2/repository/com/101tec/zkclient/0.10/zkclient-0.10.jar" package="zkclient-0.10.jar" skipped="0" tests="1" timestamp="2021-07-08T23:41:47.338"><testcase classname="dependency-check" name="zkclient-0.10.jar"/></testsuite><testsuite failures="1" id="426" name="/root/.m2/repository/org/apache/zookeeper/zookeeper/3.5.9/zookeeper-3.5.9.jar" package="zookeeper-3.5.9.jar" skipped="0" tests="1" timestamp="2021-07-08T23:41:47.338"><testcase classname="CVE-2021-21409" name="pkg:maven/org.apache.zookeeper/zookeeper@3.5.9"><failure message="cvssV3: MEDIUM, score: 5.9 (CVSS:/AV:N/AC:H/PR:N/UI:N/S:U/C:N/I:H/A:N)"/><system-out>Netty is an open-source, asynchronous event-driven network application framework for rapid development of maintainable high performance protocol servers &amp; clients. In Netty (io.netty:netty-codec-http2) before version 4.1.61.Final there is a vulnerability that enables request smuggling. The content-length header is not correctly validated if the request only uses a single Http2HeaderFrame with the endStream set to to true. This could lead to request smuggling if the request is proxied to a remote peer and translated to HTTP/1.1. This is a followup of GHSA-wm47-8v5p-wjpj/CVE-2021-21295 which did miss to fix this one case. This was fixed as part of 4.1.61.Final.</system-out><system-err>location: /root/.m2/repository/org/apache/zookeeper/zookeeper/3.5.9/zookeeper-3.5.9.jar</system-err></testcase></testsuite><testsuite failures="0" id="427" name="/root/.m2/repository/org/apache/zookeeper/zookeeper-jute/3.5.9/zookeeper-jute-3.5.9.jar" package="zookeeper-jute-3.5.9.jar" skipped="0" tests="1" timestamp="2021-07-08T23:41:47.338"><testcase classname="dependency-check" name="zookeeper-jute-3.5.9.jar"/></testsuite><testsuite failures="0" id="428" name="/root/.m2/repository/com/github/luben/zstd-jni/1.3.3-1/zstd-jni-1.3.3-1.jar" package="zstd-jni-1.3.3-1.jar" skipped="0" tests="1" timestamp="2021-07-08T23:41:47.338"><testcase classname="dependency-check" name="zstd-jni-1.3.3-1.jar"/></testsuite><testsuite failures="0" id="429" name="/root/.m2/repository/com/github/luben/zstd-jni/1.3.3-1/zstd-jni-1.3.3-1.jar/win/amd64/libzstd-jni.dll" package="zstd-jni-1.3.3-1.jar: libzstd-jni.dll" skipped="0" tests="1" timestamp="2021-07-08T23:41:47.338"><testcase classname="dependency-check" name="zstd-jni-1.3.3-1.jar: libzstd-jni.dll"/></testsuite><testsuite failures="0" id="430" name="/root/.m2/repository/com/github/luben/zstd-jni/1.3.3-1/zstd-jni-1.3.3-1.jar/win/x86/libzstd-jni.dll" package="zstd-jni-1.3.3-1.jar: libzstd-jni.dll" skipped="0" tests="1" timestamp="2021-07-08T23:41:47.338"><testcase classname="dependency-check" name="zstd-jni-1.3.3-1.jar: libzstd-jni.dll"/></testsuite></testsuites>